Performing C++ SOURCE FILE Test COMPILER_SUPPORT_Wshorten64to32 failed with the following output:
Change Dir: /home/mastercljohnson/MLG_KERNEL/eigen-3.3.7/build_dir/CMakeFiles/CMakeTmp

Run Build Command:"/usr/bin/make" "cmTC_572ce/fast"
/usr/bin/make -f CMakeFiles/cmTC_572ce.dir/build.make CMakeFiles/cmTC_572ce.dir/build
make[1]: Entering directory '/home/mastercljohnson/MLG_KERNEL/eigen-3.3.7/build_dir/CMakeFiles/CMakeTmp'
Building CXX object CMakeFiles/cmTC_572ce.dir/src.cxx.o
/usr/bin/c++    -std=c++03 -pedantic -Wall -Wextra -Wundef -Wcast-align -Wchar-subscripts -Wnon-virtual-dtor -Wunused-local-typedefs -Wpointer-arith -Wwrite-strings -Wformat-security -DCOMPILER_SUPPORT_Wshorten64to32 -Werror   -Wshorten-64-to-32 -o CMakeFiles/cmTC_572ce.dir/src.cxx.o -c /home/mastercljohnson/MLG_KERNEL/eigen-3.3.7/build_dir/CMakeFiles/CMakeTmp/src.cxx
c++: error: unrecognized command line option '-Wshorten-64-to-32'
CMakeFiles/cmTC_572ce.dir/build.make:65: recipe for target 'CMakeFiles/cmTC_572ce.dir/src.cxx.o' failed
make[1]: *** [CMakeFiles/cmTC_572ce.dir/src.cxx.o] Error 1
make[1]: Leaving directory '/home/mastercljohnson/MLG_KERNEL/eigen-3.3.7/build_dir/CMakeFiles/CMakeTmp'
Makefile:126: recipe for target 'cmTC_572ce/fast' failed
make: *** [cmTC_572ce/fast] Error 2

Source file was:
int main() { return 0; }
Performing C++ SOURCE FILE Test COMPILER_SUPPORT_Wenumconversion failed with the following output:
Change Dir: /home/mastercljohnson/MLG_KERNEL/eigen-3.3.7/build_dir/CMakeFiles/CMakeTmp

Run Build Command:"/usr/bin/make" "cmTC_54d55/fast"
/usr/bin/make -f CMakeFiles/cmTC_54d55.dir/build.make CMakeFiles/cmTC_54d55.dir/build
make[1]: Entering directory '/home/mastercljohnson/MLG_KERNEL/eigen-3.3.7/build_dir/CMakeFiles/CMakeTmp'
Building CXX object CMakeFiles/cmTC_54d55.dir/src.cxx.o
/usr/bin/c++    -std=c++03 -pedantic -Wall -Wextra -Wundef -Wcast-align -Wchar-subscripts -Wnon-virtual-dtor -Wunused-local-typedefs -Wpointer-arith -Wwrite-strings -Wformat-security -Wlogical-op -DCOMPILER_SUPPORT_Wenumconversion -Werror   -Wenum-conversion -o CMakeFiles/cmTC_54d55.dir/src.cxx.o -c /home/mastercljohnson/MLG_KERNEL/eigen-3.3.7/build_dir/CMakeFiles/CMakeTmp/src.cxx
c++: error: unrecognized command line option '-Wenum-conversion'; did you mean '-Wno-conversion'?
CMakeFiles/cmTC_54d55.dir/build.make:65: recipe for target 'CMakeFiles/cmTC_54d55.dir/src.cxx.o' failed
make[1]: *** [CMakeFiles/cmTC_54d55.dir/src.cxx.o] Error 1
make[1]: Leaving directory '/home/mastercljohnson/MLG_KERNEL/eigen-3.3.7/build_dir/CMakeFiles/CMakeTmp'
Makefile:126: recipe for target 'cmTC_54d55/fast' failed
make: *** [cmTC_54d55/fast] Error 2

Source file was:
int main() { return 0; }
Performing C++ SOURCE FILE Test COMPILER_SUPPORT_Wcpp11extensions failed with the following output:
Change Dir: /home/mastercljohnson/MLG_KERNEL/eigen-3.3.7/build_dir/CMakeFiles/CMakeTmp

Run Build Command:"/usr/bin/make" "cmTC_72f5e/fast"
/usr/bin/make -f CMakeFiles/cmTC_72f5e.dir/build.make CMakeFiles/cmTC_72f5e.dir/build
make[1]: Entering directory '/home/mastercljohnson/MLG_KERNEL/eigen-3.3.7/build_dir/CMakeFiles/CMakeTmp'
Building CXX object CMakeFiles/cmTC_72f5e.dir/src.cxx.o
/usr/bin/c++    -std=c++03 -pedantic -Wall -Wextra -Wundef -Wcast-align -Wchar-subscripts -Wnon-virtual-dtor -Wunused-local-typedefs -Wpointer-arith -Wwrite-strings -Wformat-security -Wlogical-op -DCOMPILER_SUPPORT_Wcpp11extensions -Werror   -Wc++11-extensions -o CMakeFiles/cmTC_72f5e.dir/src.cxx.o -c /home/mastercljohnson/MLG_KERNEL/eigen-3.3.7/build_dir/CMakeFiles/CMakeTmp/src.cxx
c++: error: unrecognized command line option '-Wc++11-extensions'; did you mean '-fms-extensions'?
CMakeFiles/cmTC_72f5e.dir/build.make:65: recipe for target 'CMakeFiles/cmTC_72f5e.dir/src.cxx.o' failed
make[1]: *** [CMakeFiles/cmTC_72f5e.dir/src.cxx.o] Error 1
make[1]: Leaving directory '/home/mastercljohnson/MLG_KERNEL/eigen-3.3.7/build_dir/CMakeFiles/CMakeTmp'
Makefile:126: recipe for target 'cmTC_72f5e/fast' failed
make: *** [cmTC_72f5e/fast] Error 2

Source file was:
int main() { return 0; }
Performing C++ SOURCE FILE Test COMPILER_SUPPORT_wd981 failed with the following output:
Change Dir: /home/mastercljohnson/MLG_KERNEL/eigen-3.3.7/build_dir/CMakeFiles/CMakeTmp

Run Build Command:"/usr/bin/make" "cmTC_8e7da/fast"
/usr/bin/make -f CMakeFiles/cmTC_8e7da.dir/build.make CMakeFiles/cmTC_8e7da.dir/build
make[1]: Entering directory '/home/mastercljohnson/MLG_KERNEL/eigen-3.3.7/build_dir/CMakeFiles/CMakeTmp'
Building CXX object CMakeFiles/cmTC_8e7da.dir/src.cxx.o
/usr/bin/c++    -std=c++03 -pedantic -Wall -Wextra -Wundef -Wcast-align -Wchar-subscripts -Wnon-virtual-dtor -Wunused-local-typedefs -Wpointer-arith -Wwrite-strings -Wformat-security -Wlogical-op -Wdouble-promotion -Wno-psabi -Wno-variadic-macros -Wno-long-long -fno-check-new -fno-common -fstrict-aliasing -DCOMPILER_SUPPORT_wd981 -Werror   -wd981 -o CMakeFiles/cmTC_8e7da.dir/src.cxx.o -c /home/mastercljohnson/MLG_KERNEL/eigen-3.3.7/build_dir/CMakeFiles/CMakeTmp/src.cxx
c++: error: unrecognized command line option '-wd981'
CMakeFiles/cmTC_8e7da.dir/build.make:65: recipe for target 'CMakeFiles/cmTC_8e7da.dir/src.cxx.o' failed
make[1]: *** [CMakeFiles/cmTC_8e7da.dir/src.cxx.o] Error 1
make[1]: Leaving directory '/home/mastercljohnson/MLG_KERNEL/eigen-3.3.7/build_dir/CMakeFiles/CMakeTmp'
Makefile:126: recipe for target 'cmTC_8e7da/fast' failed
make: *** [cmTC_8e7da/fast] Error 2

Source file was:
int main() { return 0; }
Performing C++ SOURCE FILE Test COMPILER_SUPPORT_wd2304 failed with the following output:
Change Dir: /home/mastercljohnson/MLG_KERNEL/eigen-3.3.7/build_dir/CMakeFiles/CMakeTmp

Run Build Command:"/usr/bin/make" "cmTC_e05d8/fast"
/usr/bin/make -f CMakeFiles/cmTC_e05d8.dir/build.make CMakeFiles/cmTC_e05d8.dir/build
make[1]: Entering directory '/home/mastercljohnson/MLG_KERNEL/eigen-3.3.7/build_dir/CMakeFiles/CMakeTmp'
Building CXX object CMakeFiles/cmTC_e05d8.dir/src.cxx.o
/usr/bin/c++    -std=c++03 -pedantic -Wall -Wextra -Wundef -Wcast-align -Wchar-subscripts -Wnon-virtual-dtor -Wunused-local-typedefs -Wpointer-arith -Wwrite-strings -Wformat-security -Wlogical-op -Wdouble-promotion -Wno-psabi -Wno-variadic-macros -Wno-long-long -fno-check-new -fno-common -fstrict-aliasing -DCOMPILER_SUPPORT_wd2304 -Werror   -wd2304 -o CMakeFiles/cmTC_e05d8.dir/src.cxx.o -c /home/mastercljohnson/MLG_KERNEL/eigen-3.3.7/build_dir/CMakeFiles/CMakeTmp/src.cxx
c++: error: unrecognized command line option '-wd2304'
CMakeFiles/cmTC_e05d8.dir/build.make:65: recipe for target 'CMakeFiles/cmTC_e05d8.dir/src.cxx.o' failed
make[1]: *** [CMakeFiles/cmTC_e05d8.dir/src.cxx.o] Error 1
make[1]: Leaving directory '/home/mastercljohnson/MLG_KERNEL/eigen-3.3.7/build_dir/CMakeFiles/CMakeTmp'
Makefile:126: recipe for target 'cmTC_e05d8/fast' failed
make: *** [cmTC_e05d8/fast] Error 2

Source file was:
int main() { return 0; }
Performing C++ SOURCE FILE Test COMPILER_SUPPORT_STRICTANSI failed with the following output:
Change Dir: /home/mastercljohnson/MLG_KERNEL/eigen-3.3.7/build_dir/CMakeFiles/CMakeTmp

Run Build Command:"/usr/bin/make" "cmTC_0f9ba/fast"
/usr/bin/make -f CMakeFiles/cmTC_0f9ba.dir/build.make CMakeFiles/cmTC_0f9ba.dir/build
make[1]: Entering directory '/home/mastercljohnson/MLG_KERNEL/eigen-3.3.7/build_dir/CMakeFiles/CMakeTmp'
Building CXX object CMakeFiles/cmTC_0f9ba.dir/src.cxx.o
/usr/bin/c++    -std=c++03 -pedantic -Wall -Wextra -Wundef -Wcast-align -Wchar-subscripts -Wnon-virtual-dtor -Wunused-local-typedefs -Wpointer-arith -Wwrite-strings -Wformat-security -Wlogical-op -Wdouble-promotion -Wno-psabi -Wno-variadic-macros -Wno-long-long -fno-check-new -fno-common -fstrict-aliasing -DCOMPILER_SUPPORT_STRICTANSI -Werror   -strict-ansi -o CMakeFiles/cmTC_0f9ba.dir/src.cxx.o -c /home/mastercljohnson/MLG_KERNEL/eigen-3.3.7/build_dir/CMakeFiles/CMakeTmp/src.cxx
c++: error: unrecognized command line option '-strict-ansi'; did you mean '-fstrict-enums'?
CMakeFiles/cmTC_0f9ba.dir/build.make:65: recipe for target 'CMakeFiles/cmTC_0f9ba.dir/src.cxx.o' failed
make[1]: *** [CMakeFiles/cmTC_0f9ba.dir/src.cxx.o] Error 1
make[1]: Leaving directory '/home/mastercljohnson/MLG_KERNEL/eigen-3.3.7/build_dir/CMakeFiles/CMakeTmp'
Makefile:126: recipe for target 'cmTC_0f9ba/fast' failed
make: *** [cmTC_0f9ba/fast] Error 2

Source file was:
int main() { return 0; }
Performing C++ SOURCE FILE Test COMPILER_SUPPORT_Qunusedarguments failed with the following output:
Change Dir: /home/mastercljohnson/MLG_KERNEL/eigen-3.3.7/build_dir/CMakeFiles/CMakeTmp

Run Build Command:"/usr/bin/make" "cmTC_6ed40/fast"
/usr/bin/make -f CMakeFiles/cmTC_6ed40.dir/build.make CMakeFiles/cmTC_6ed40.dir/build
make[1]: Entering directory '/home/mastercljohnson/MLG_KERNEL/eigen-3.3.7/build_dir/CMakeFiles/CMakeTmp'
Building CXX object CMakeFiles/cmTC_6ed40.dir/src.cxx.o
/usr/bin/c++    -std=c++03 -pedantic -Wall -Wextra -Wundef -Wcast-align -Wchar-subscripts -Wnon-virtual-dtor -Wunused-local-typedefs -Wpointer-arith -Wwrite-strings -Wformat-security -Wlogical-op -Wdouble-promotion -Wno-psabi -Wno-variadic-macros -Wno-long-long -fno-check-new -fno-common -fstrict-aliasing -DCOMPILER_SUPPORT_Qunusedarguments -Werror   -Qunused-arguments -o CMakeFiles/cmTC_6ed40.dir/src.cxx.o -c /home/mastercljohnson/MLG_KERNEL/eigen-3.3.7/build_dir/CMakeFiles/CMakeTmp/src.cxx
c++: error: unrecognized command line option '-Qunused-arguments'; did you mean '-Wunused-parameter'?
CMakeFiles/cmTC_6ed40.dir/build.make:65: recipe for target 'CMakeFiles/cmTC_6ed40.dir/src.cxx.o' failed
make[1]: *** [CMakeFiles/cmTC_6ed40.dir/src.cxx.o] Error 1
make[1]: Leaving directory '/home/mastercljohnson/MLG_KERNEL/eigen-3.3.7/build_dir/CMakeFiles/CMakeTmp'
Makefile:126: recipe for target 'cmTC_6ed40/fast' failed
make: *** [cmTC_6ed40/fast] Error 2

Source file was:
int main() { return 0; }
Determining if the pthread_create exist failed with the following output:
Change Dir: /home/mastercljohnson/MLG_KERNEL/eigen-3.3.7/build_dir/CMakeFiles/CMakeTmp

Run Build Command:"/usr/bin/make" "cmTC_cf1ac/fast"
/usr/bin/make -f CMakeFiles/cmTC_cf1ac.dir/build.make CMakeFiles/cmTC_cf1ac.dir/build
make[1]: Entering directory '/home/mastercljohnson/MLG_KERNEL/eigen-3.3.7/build_dir/CMakeFiles/CMakeTmp'
Building C object CMakeFiles/cmTC_cf1ac.dir/CheckSymbolExists.c.o
/usr/bin/cc    -o CMakeFiles/cmTC_cf1ac.dir/CheckSymbolExists.c.o   -c /home/mastercljohnson/MLG_KERNEL/eigen-3.3.7/build_dir/CMakeFiles/CMakeTmp/CheckSymbolExists.c
Linking C executable cmTC_cf1ac
/usr/bin/cmake -E cmake_link_script CMakeFiles/cmTC_cf1ac.dir/link.txt --verbose=1
/usr/bin/cc      -rdynamic CMakeFiles/cmTC_cf1ac.dir/CheckSymbolExists.c.o  -o cmTC_cf1ac 
CMakeFiles/cmTC_cf1ac.dir/CheckSymbolExists.c.o: In function `main':
CheckSymbolExists.c:(.text+0x1b): undefined reference to `pthread_create'
collect2: error: ld returned 1 exit status
CMakeFiles/cmTC_cf1ac.dir/build.make:97: recipe for target 'cmTC_cf1ac' failed
make[1]: *** [cmTC_cf1ac] Error 1
make[1]: Leaving directory '/home/mastercljohnson/MLG_KERNEL/eigen-3.3.7/build_dir/CMakeFiles/CMakeTmp'
Makefile:126: recipe for target 'cmTC_cf1ac/fast' failed
make: *** [cmTC_cf1ac/fast] Error 2

File /home/mastercljohnson/MLG_KERNEL/eigen-3.3.7/build_dir/CMakeFiles/CMakeTmp/CheckSymbolExists.c:
/* */
#include <pthread.h>

int main(int argc, char** argv)
{
  (void)argv;
#ifndef pthread_create
  return ((int*)(&pthread_create))[argc];
#else
  (void)argc;
  return 0;
#endif
}

Determining if the function pthread_create exists in the pthreads failed with the following output:
Change Dir: /home/mastercljohnson/MLG_KERNEL/eigen-3.3.7/build_dir/CMakeFiles/CMakeTmp

Run Build Command:"/usr/bin/make" "cmTC_fcd16/fast"
/usr/bin/make -f CMakeFiles/cmTC_fcd16.dir/build.make CMakeFiles/cmTC_fcd16.dir/build
make[1]: Entering directory '/home/mastercljohnson/MLG_KERNEL/eigen-3.3.7/build_dir/CMakeFiles/CMakeTmp'
Building C object CMakeFiles/cmTC_fcd16.dir/CheckFunctionExists.c.o
/usr/bin/cc   -DCHECK_FUNCTION_EXISTS=pthread_create   -o CMakeFiles/cmTC_fcd16.dir/CheckFunctionExists.c.o   -c /usr/share/cmake-3.10/Modules/CheckFunctionExists.c
Linking C executable cmTC_fcd16
/usr/bin/cmake -E cmake_link_script CMakeFiles/cmTC_fcd16.dir/link.txt --verbose=1
/usr/bin/cc  -DCHECK_FUNCTION_EXISTS=pthread_create    -rdynamic CMakeFiles/cmTC_fcd16.dir/CheckFunctionExists.c.o  -o cmTC_fcd16 -lpthreads 
/usr/bin/ld: cannot find -lpthreads
collect2: error: ld returned 1 exit status
CMakeFiles/cmTC_fcd16.dir/build.make:97: recipe for target 'cmTC_fcd16' failed
make[1]: *** [cmTC_fcd16] Error 1
make[1]: Leaving directory '/home/mastercljohnson/MLG_KERNEL/eigen-3.3.7/build_dir/CMakeFiles/CMakeTmp'
Makefile:126: recipe for target 'cmTC_fcd16/fast' failed
make: *** [cmTC_fcd16/fast] Error 2


