The system is: Linux - 5.3.0-40-generic - x86_64
Compiling the C compiler identification source file "CMakeCCompilerId.c" succeeded.
Compiler: /usr/bin/cc 
Build flags: 
Id flags:  

The output was:
0


Compilation of the C compiler identification source "CMakeCCompilerId.c" produced "a.out"

The C compiler identification is GNU, found in "/home/mastercljohnson/MLG_KERNEL/eigen-3.3.7/build_dir/CMakeFiles/3.10.2/CompilerIdC/a.out"

Compiling the CXX compiler identification source file "CMakeCXXCompilerId.cpp" succeeded.
Compiler: /usr/bin/c++ 
Build flags: 
Id flags:  

The output was:
0


Compilation of the CXX compiler identification source "CMakeCXXCompilerId.cpp" produced "a.out"

The CXX compiler identification is GNU, found in "/home/mastercljohnson/MLG_KERNEL/eigen-3.3.7/build_dir/CMakeFiles/3.10.2/CompilerIdCXX/a.out"

Determining if the C compiler works passed with the following output:
Change Dir: /home/mastercljohnson/MLG_KERNEL/eigen-3.3.7/build_dir/CMakeFiles/CMakeTmp

Run Build Command:"/usr/bin/make" "cmTC_cf501/fast"
/usr/bin/make -f CMakeFiles/cmTC_cf501.dir/build.make CMakeFiles/cmTC_cf501.dir/build
make[1]: Entering directory '/home/mastercljohnson/MLG_KERNEL/eigen-3.3.7/build_dir/CMakeFiles/CMakeTmp'
Building C object CMakeFiles/cmTC_cf501.dir/testCCompiler.c.o
/usr/bin/cc    -o CMakeFiles/cmTC_cf501.dir/testCCompiler.c.o   -c /home/mastercljohnson/MLG_KERNEL/eigen-3.3.7/build_dir/CMakeFiles/CMakeTmp/testCCompiler.c
Linking C executable cmTC_cf501
/usr/bin/cmake -E cmake_link_script CMakeFiles/cmTC_cf501.dir/link.txt --verbose=1
/usr/bin/cc      -rdynamic CMakeFiles/cmTC_cf501.dir/testCCompiler.c.o  -o cmTC_cf501 
make[1]: Leaving directory '/home/mastercljohnson/MLG_KERNEL/eigen-3.3.7/build_dir/CMakeFiles/CMakeTmp'


Detecting C compiler ABI info compiled with the following output:
Change Dir: /home/mastercljohnson/MLG_KERNEL/eigen-3.3.7/build_dir/CMakeFiles/CMakeTmp

Run Build Command:"/usr/bin/make" "cmTC_12d94/fast"
/usr/bin/make -f CMakeFiles/cmTC_12d94.dir/build.make CMakeFiles/cmTC_12d94.dir/build
make[1]: Entering directory '/home/mastercljohnson/MLG_KERNEL/eigen-3.3.7/build_dir/CMakeFiles/CMakeTmp'
Building C object CMakeFiles/cmTC_12d94.dir/CMakeCCompilerABI.c.o
/usr/bin/cc    -o CMakeFiles/cmTC_12d94.dir/CMakeCCompilerABI.c.o   -c /usr/share/cmake-3.10/Modules/CMakeCCompilerABI.c
Linking C executable cmTC_12d94
/usr/bin/cmake -E cmake_link_script CMakeFiles/cmTC_12d94.dir/link.txt --verbose=1
/usr/bin/cc     -v -rdynamic CMakeFiles/cmTC_12d94.dir/CMakeCCompilerABI.c.o  -o cmTC_12d94 
Using built-in specs.
COLLECT_GCC=/usr/bin/cc
COLLECT_LTO_WRAPPER=/usr/lib/gcc/x86_64-linux-gnu/7/lto-wrapper
OFFLOAD_TARGET_NAMES=nvptx-none
OFFLOAD_TARGET_DEFAULT=1
Target: x86_64-linux-gnu
Configured with: ../src/configure -v --with-pkgversion='Ubuntu 7.4.0-1ubuntu1~18.04.1' --with-bugurl=file:///usr/share/doc/gcc-7/README.Bugs --enable-languages=c,ada,c++,go,brig,d,fortran,objc,obj-c++ --prefix=/usr --with-gcc-major-version-only --program-suffix=-7 --program-prefix=x86_64-linux-gnu- --enable-shared --enable-linker-build-id --libexecdir=/usr/lib --without-included-gettext --enable-threads=posix --libdir=/usr/lib --enable-nls --with-sysroot=/ --enable-clocale=gnu --enable-libstdcxx-debug --enable-libstdcxx-time=yes --with-default-libstdcxx-abi=new --enable-gnu-unique-object --disable-vtable-verify --enable-libmpx --enable-plugin --enable-default-pie --with-system-zlib --with-target-system-zlib --enable-objc-gc=auto --enable-multiarch --disable-werror --with-arch-32=i686 --with-abi=m64 --with-multilib-list=m32,m64,mx32 --enable-multilib --with-tune=generic --enable-offload-targets=nvptx-none --without-cuda-driver --enable-checking=release --build=x86_64-linux-gnu --host=x86_64-linux-gnu --target=x86_64-linux-gnu
Thread model: posix
gcc version 7.4.0 (Ubuntu 7.4.0-1ubuntu1~18.04.1) 
COMPILER_PATH=/usr/lib/gcc/x86_64-linux-gnu/7/:/usr/lib/gcc/x86_64-linux-gnu/7/:/usr/lib/gcc/x86_64-linux-gnu/:/usr/lib/gcc/x86_64-linux-gnu/7/:/usr/lib/gcc/x86_64-linux-gnu/
LIBRARY_PATH=/usr/lib/gcc/x86_64-linux-gnu/7/:/usr/lib/gcc/x86_64-linux-gnu/7/../../../x86_64-linux-gnu/:/usr/lib/gcc/x86_64-linux-gnu/7/../../../../lib/:/lib/x86_64-linux-gnu/:/lib/../lib/:/usr/lib/x86_64-linux-gnu/:/usr/lib/../lib/:/usr/lib/gcc/x86_64-linux-gnu/7/../../../:/lib/:/usr/lib/
COLLECT_GCC_OPTIONS='-v' '-rdynamic' '-o' 'cmTC_12d94' '-mtune=generic' '-march=x86-64'
 /usr/lib/gcc/x86_64-linux-gnu/7/collect2 -plugin /usr/lib/gcc/x86_64-linux-gnu/7/liblto_plugin.so -plugin-opt=/usr/lib/gcc/x86_64-linux-gnu/7/lto-wrapper -plugin-opt=-fresolution=/tmp/ccoUVCaD.res -plugin-opt=-pass-through=-lgcc -plugin-opt=-pass-through=-lgcc_s -plugin-opt=-pass-through=-lc -plugin-opt=-pass-through=-lgcc -plugin-opt=-pass-through=-lgcc_s --sysroot=/ --build-id --eh-frame-hdr -m elf_x86_64 --hash-style=gnu --as-needed -export-dynamic -dynamic-linker /lib64/ld-linux-x86-64.so.2 -pie -z now -z relro -o cmTC_12d94 /usr/lib/gcc/x86_64-linux-gnu/7/../../../x86_64-linux-gnu/Scrt1.o /usr/lib/gcc/x86_64-linux-gnu/7/../../../x86_64-linux-gnu/crti.o /usr/lib/gcc/x86_64-linux-gnu/7/crtbeginS.o -L/usr/lib/gcc/x86_64-linux-gnu/7 -L/usr/lib/gcc/x86_64-linux-gnu/7/../../../x86_64-linux-gnu -L/usr/lib/gcc/x86_64-linux-gnu/7/../../../../lib -L/lib/x86_64-linux-gnu -L/lib/../lib -L/usr/lib/x86_64-linux-gnu -L/usr/lib/../lib -L/usr/lib/gcc/x86_64-linux-gnu/7/../../.. CMakeFiles/cmTC_12d94.dir/CMakeCCompilerABI.c.o -lgcc --push-state --as-needed -lgcc_s --pop-state -lc -lgcc --push-state --as-needed -lgcc_s --pop-state /usr/lib/gcc/x86_64-linux-gnu/7/crtendS.o /usr/lib/gcc/x86_64-linux-gnu/7/../../../x86_64-linux-gnu/crtn.o
COLLECT_GCC_OPTIONS='-v' '-rdynamic' '-o' 'cmTC_12d94' '-mtune=generic' '-march=x86-64'
make[1]: Leaving directory '/home/mastercljohnson/MLG_KERNEL/eigen-3.3.7/build_dir/CMakeFiles/CMakeTmp'


Parsed C implicit link information from above output:
  link line regex: [^( *|.*[/\])(ld|CMAKE_LINK_STARTFILE-NOTFOUND|([^/\]+-)?ld|collect2)[^/\]*( |$)]
  ignore line: [Change Dir: /home/mastercljohnson/MLG_KERNEL/eigen-3.3.7/build_dir/CMakeFiles/CMakeTmp]
  ignore line: []
  ignore line: [Run Build Command:"/usr/bin/make" "cmTC_12d94/fast"]
  ignore line: [/usr/bin/make -f CMakeFiles/cmTC_12d94.dir/build.make CMakeFiles/cmTC_12d94.dir/build]
  ignore line: [make[1]: Entering directory '/home/mastercljohnson/MLG_KERNEL/eigen-3.3.7/build_dir/CMakeFiles/CMakeTmp']
  ignore line: [Building C object CMakeFiles/cmTC_12d94.dir/CMakeCCompilerABI.c.o]
  ignore line: [/usr/bin/cc    -o CMakeFiles/cmTC_12d94.dir/CMakeCCompilerABI.c.o   -c /usr/share/cmake-3.10/Modules/CMakeCCompilerABI.c]
  ignore line: [Linking C executable cmTC_12d94]
  ignore line: [/usr/bin/cmake -E cmake_link_script CMakeFiles/cmTC_12d94.dir/link.txt --verbose=1]
  ignore line: [/usr/bin/cc     -v -rdynamic CMakeFiles/cmTC_12d94.dir/CMakeCCompilerABI.c.o  -o cmTC_12d94 ]
  ignore line: [Using built-in specs.]
  ignore line: [COLLECT_GCC=/usr/bin/cc]
  ignore line: [COLLECT_LTO_WRAPPER=/usr/lib/gcc/x86_64-linux-gnu/7/lto-wrapper]
  ignore line: [OFFLOAD_TARGET_NAMES=nvptx-none]
  ignore line: [OFFLOAD_TARGET_DEFAULT=1]
  ignore line: [Target: x86_64-linux-gnu]
  ignore line: [Configured with: ../src/configure -v --with-pkgversion='Ubuntu 7.4.0-1ubuntu1~18.04.1' --with-bugurl=file:///usr/share/doc/gcc-7/README.Bugs --enable-languages=c,ada,c++,go,brig,d,fortran,objc,obj-c++ --prefix=/usr --with-gcc-major-version-only --program-suffix=-7 --program-prefix=x86_64-linux-gnu- --enable-shared --enable-linker-build-id --libexecdir=/usr/lib --without-included-gettext --enable-threads=posix --libdir=/usr/lib --enable-nls --with-sysroot=/ --enable-clocale=gnu --enable-libstdcxx-debug --enable-libstdcxx-time=yes --with-default-libstdcxx-abi=new --enable-gnu-unique-object --disable-vtable-verify --enable-libmpx --enable-plugin --enable-default-pie --with-system-zlib --with-target-system-zlib --enable-objc-gc=auto --enable-multiarch --disable-werror --with-arch-32=i686 --with-abi=m64 --with-multilib-list=m32,m64,mx32 --enable-multilib --with-tune=generic --enable-offload-targets=nvptx-none --without-cuda-driver --enable-checking=release --build=x86_64-linux-gnu --host=x86_64-linux-gnu --target=x86_64-linux-gnu]
  ignore line: [Thread model: posix]
  ignore line: [gcc version 7.4.0 (Ubuntu 7.4.0-1ubuntu1~18.04.1) ]
  ignore line: [COMPILER_PATH=/usr/lib/gcc/x86_64-linux-gnu/7/:/usr/lib/gcc/x86_64-linux-gnu/7/:/usr/lib/gcc/x86_64-linux-gnu/:/usr/lib/gcc/x86_64-linux-gnu/7/:/usr/lib/gcc/x86_64-linux-gnu/]
  ignore line: [LIBRARY_PATH=/usr/lib/gcc/x86_64-linux-gnu/7/:/usr/lib/gcc/x86_64-linux-gnu/7/../../../x86_64-linux-gnu/:/usr/lib/gcc/x86_64-linux-gnu/7/../../../../lib/:/lib/x86_64-linux-gnu/:/lib/../lib/:/usr/lib/x86_64-linux-gnu/:/usr/lib/../lib/:/usr/lib/gcc/x86_64-linux-gnu/7/../../../:/lib/:/usr/lib/]
  ignore line: [COLLECT_GCC_OPTIONS='-v' '-rdynamic' '-o' 'cmTC_12d94' '-mtune=generic' '-march=x86-64']
  link line: [ /usr/lib/gcc/x86_64-linux-gnu/7/collect2 -plugin /usr/lib/gcc/x86_64-linux-gnu/7/liblto_plugin.so -plugin-opt=/usr/lib/gcc/x86_64-linux-gnu/7/lto-wrapper -plugin-opt=-fresolution=/tmp/ccoUVCaD.res -plugin-opt=-pass-through=-lgcc -plugin-opt=-pass-through=-lgcc_s -plugin-opt=-pass-through=-lc -plugin-opt=-pass-through=-lgcc -plugin-opt=-pass-through=-lgcc_s --sysroot=/ --build-id --eh-frame-hdr -m elf_x86_64 --hash-style=gnu --as-needed -export-dynamic -dynamic-linker /lib64/ld-linux-x86-64.so.2 -pie -z now -z relro -o cmTC_12d94 /usr/lib/gcc/x86_64-linux-gnu/7/../../../x86_64-linux-gnu/Scrt1.o /usr/lib/gcc/x86_64-linux-gnu/7/../../../x86_64-linux-gnu/crti.o /usr/lib/gcc/x86_64-linux-gnu/7/crtbeginS.o -L/usr/lib/gcc/x86_64-linux-gnu/7 -L/usr/lib/gcc/x86_64-linux-gnu/7/../../../x86_64-linux-gnu -L/usr/lib/gcc/x86_64-linux-gnu/7/../../../../lib -L/lib/x86_64-linux-gnu -L/lib/../lib -L/usr/lib/x86_64-linux-gnu -L/usr/lib/../lib -L/usr/lib/gcc/x86_64-linux-gnu/7/../../.. CMakeFiles/cmTC_12d94.dir/CMakeCCompilerABI.c.o -lgcc --push-state --as-needed -lgcc_s --pop-state -lc -lgcc --push-state --as-needed -lgcc_s --pop-state /usr/lib/gcc/x86_64-linux-gnu/7/crtendS.o /usr/lib/gcc/x86_64-linux-gnu/7/../../../x86_64-linux-gnu/crtn.o]
    arg [/usr/lib/gcc/x86_64-linux-gnu/7/collect2] ==> ignore
    arg [-plugin] ==> ignore
    arg [/usr/lib/gcc/x86_64-linux-gnu/7/liblto_plugin.so] ==> ignore
    arg [-plugin-opt=/usr/lib/gcc/x86_64-linux-gnu/7/lto-wrapper] ==> ignore
    arg [-plugin-opt=-fresolution=/tmp/ccoUVCaD.res] ==> ignore
    arg [-plugin-opt=-pass-through=-lgcc] ==> ignore
    arg [-plugin-opt=-pass-through=-lgcc_s] ==> ignore
    arg [-plugin-opt=-pass-through=-lc] ==> ignore
    arg [-plugin-opt=-pass-through=-lgcc] ==> ignore
    arg [-plugin-opt=-pass-through=-lgcc_s] ==> ignore
    arg [--sysroot=/] ==> ignore
    arg [--build-id] ==> ignore
    arg [--eh-frame-hdr] ==> ignore
    arg [-m] ==> ignore
    arg [elf_x86_64] ==> ignore
    arg [--hash-style=gnu] ==> ignore
    arg [--as-needed] ==> ignore
    arg [-export-dynamic] ==> ignore
    arg [-dynamic-linker] ==> ignore
    arg [/lib64/ld-linux-x86-64.so.2] ==> ignore
    arg [-pie] ==> ignore
    arg [-znow] ==> ignore
    arg [-zrelro] ==> ignore
    arg [-o] ==> ignore
    arg [cmTC_12d94] ==> ignore
    arg [/usr/lib/gcc/x86_64-linux-gnu/7/../../../x86_64-linux-gnu/Scrt1.o] ==> ignore
    arg [/usr/lib/gcc/x86_64-linux-gnu/7/../../../x86_64-linux-gnu/crti.o] ==> ignore
    arg [/usr/lib/gcc/x86_64-linux-gnu/7/crtbeginS.o] ==> ignore
    arg [-L/usr/lib/gcc/x86_64-linux-gnu/7] ==> dir [/usr/lib/gcc/x86_64-linux-gnu/7]
    arg [-L/usr/lib/gcc/x86_64-linux-gnu/7/../../../x86_64-linux-gnu] ==> dir [/usr/lib/gcc/x86_64-linux-gnu/7/../../../x86_64-linux-gnu]
    arg [-L/usr/lib/gcc/x86_64-linux-gnu/7/../../../../lib] ==> dir [/usr/lib/gcc/x86_64-linux-gnu/7/../../../../lib]
    arg [-L/lib/x86_64-linux-gnu] ==> dir [/lib/x86_64-linux-gnu]
    arg [-L/lib/../lib] ==> dir [/lib/../lib]
    arg [-L/usr/lib/x86_64-linux-gnu] ==> dir [/usr/lib/x86_64-linux-gnu]
    arg [-L/usr/lib/../lib] ==> dir [/usr/lib/../lib]
    arg [-L/usr/lib/gcc/x86_64-linux-gnu/7/../../..] ==> dir [/usr/lib/gcc/x86_64-linux-gnu/7/../../..]
    arg [CMakeFiles/cmTC_12d94.dir/CMakeCCompilerABI.c.o] ==> ignore
    arg [-lgcc] ==> lib [gcc]
    arg [--push-state] ==> ignore
    arg [--as-needed] ==> ignore
    arg [-lgcc_s] ==> lib [gcc_s]
    arg [--pop-state] ==> ignore
    arg [-lc] ==> lib [c]
    arg [-lgcc] ==> lib [gcc]
    arg [--push-state] ==> ignore
    arg [--as-needed] ==> ignore
    arg [-lgcc_s] ==> lib [gcc_s]
    arg [--pop-state] ==> ignore
    arg [/usr/lib/gcc/x86_64-linux-gnu/7/crtendS.o] ==> ignore
    arg [/usr/lib/gcc/x86_64-linux-gnu/7/../../../x86_64-linux-gnu/crtn.o] ==> ignore
  collapse library dir [/usr/lib/gcc/x86_64-linux-gnu/7] ==> [/usr/lib/gcc/x86_64-linux-gnu/7]
  collapse library dir [/usr/lib/gcc/x86_64-linux-gnu/7/../../../x86_64-linux-gnu] ==> [/usr/lib/x86_64-linux-gnu]
  collapse library dir [/usr/lib/gcc/x86_64-linux-gnu/7/../../../../lib] ==> [/usr/lib]
  collapse library dir [/lib/x86_64-linux-gnu] ==> [/lib/x86_64-linux-gnu]
  collapse library dir [/lib/../lib] ==> [/lib]
  collapse library dir [/usr/lib/x86_64-linux-gnu] ==> [/usr/lib/x86_64-linux-gnu]
  collapse library dir [/usr/lib/../lib] ==> [/usr/lib]
  collapse library dir [/usr/lib/gcc/x86_64-linux-gnu/7/../../..] ==> [/usr/lib]
  implicit libs: [gcc;gcc_s;c;gcc;gcc_s]
  implicit dirs: [/usr/lib/gcc/x86_64-linux-gnu/7;/usr/lib/x86_64-linux-gnu;/usr/lib;/lib/x86_64-linux-gnu;/lib]
  implicit fwks: []




Detecting C [-std=c11] compiler features compiled with the following output:
Change Dir: /home/mastercljohnson/MLG_KERNEL/eigen-3.3.7/build_dir/CMakeFiles/CMakeTmp

Run Build Command:"/usr/bin/make" "cmTC_9fc44/fast"
/usr/bin/make -f CMakeFiles/cmTC_9fc44.dir/build.make CMakeFiles/cmTC_9fc44.dir/build
make[1]: Entering directory '/home/mastercljohnson/MLG_KERNEL/eigen-3.3.7/build_dir/CMakeFiles/CMakeTmp'
Building C object CMakeFiles/cmTC_9fc44.dir/feature_tests.c.o
/usr/bin/cc   -std=c11 -o CMakeFiles/cmTC_9fc44.dir/feature_tests.c.o   -c /home/mastercljohnson/MLG_KERNEL/eigen-3.3.7/build_dir/CMakeFiles/feature_tests.c
Linking C executable cmTC_9fc44
/usr/bin/cmake -E cmake_link_script CMakeFiles/cmTC_9fc44.dir/link.txt --verbose=1
/usr/bin/cc      -rdynamic CMakeFiles/cmTC_9fc44.dir/feature_tests.c.o  -o cmTC_9fc44 
make[1]: Leaving directory '/home/mastercljohnson/MLG_KERNEL/eigen-3.3.7/build_dir/CMakeFiles/CMakeTmp'


    Feature record: C_FEATURE:1c_function_prototypes
    Feature record: C_FEATURE:1c_restrict
    Feature record: C_FEATURE:1c_static_assert
    Feature record: C_FEATURE:1c_variadic_macros


Detecting C [-std=c99] compiler features compiled with the following output:
Change Dir: /home/mastercljohnson/MLG_KERNEL/eigen-3.3.7/build_dir/CMakeFiles/CMakeTmp

Run Build Command:"/usr/bin/make" "cmTC_9007c/fast"
/usr/bin/make -f CMakeFiles/cmTC_9007c.dir/build.make CMakeFiles/cmTC_9007c.dir/build
make[1]: Entering directory '/home/mastercljohnson/MLG_KERNEL/eigen-3.3.7/build_dir/CMakeFiles/CMakeTmp'
Building C object CMakeFiles/cmTC_9007c.dir/feature_tests.c.o
/usr/bin/cc   -std=c99 -o CMakeFiles/cmTC_9007c.dir/feature_tests.c.o   -c /home/mastercljohnson/MLG_KERNEL/eigen-3.3.7/build_dir/CMakeFiles/feature_tests.c
Linking C executable cmTC_9007c
/usr/bin/cmake -E cmake_link_script CMakeFiles/cmTC_9007c.dir/link.txt --verbose=1
/usr/bin/cc      -rdynamic CMakeFiles/cmTC_9007c.dir/feature_tests.c.o  -o cmTC_9007c 
make[1]: Leaving directory '/home/mastercljohnson/MLG_KERNEL/eigen-3.3.7/build_dir/CMakeFiles/CMakeTmp'


    Feature record: C_FEATURE:1c_function_prototypes
    Feature record: C_FEATURE:1c_restrict
    Feature record: C_FEATURE:0c_static_assert
    Feature record: C_FEATURE:1c_variadic_macros


Detecting C [-std=c90] compiler features compiled with the following output:
Change Dir: /home/mastercljohnson/MLG_KERNEL/eigen-3.3.7/build_dir/CMakeFiles/CMakeTmp

Run Build Command:"/usr/bin/make" "cmTC_859c7/fast"
/usr/bin/make -f CMakeFiles/cmTC_859c7.dir/build.make CMakeFiles/cmTC_859c7.dir/build
make[1]: Entering directory '/home/mastercljohnson/MLG_KERNEL/eigen-3.3.7/build_dir/CMakeFiles/CMakeTmp'
Building C object CMakeFiles/cmTC_859c7.dir/feature_tests.c.o
/usr/bin/cc   -std=c90 -o CMakeFiles/cmTC_859c7.dir/feature_tests.c.o   -c /home/mastercljohnson/MLG_KERNEL/eigen-3.3.7/build_dir/CMakeFiles/feature_tests.c
Linking C executable cmTC_859c7
/usr/bin/cmake -E cmake_link_script CMakeFiles/cmTC_859c7.dir/link.txt --verbose=1
/usr/bin/cc      -rdynamic CMakeFiles/cmTC_859c7.dir/feature_tests.c.o  -o cmTC_859c7 
make[1]: Leaving directory '/home/mastercljohnson/MLG_KERNEL/eigen-3.3.7/build_dir/CMakeFiles/CMakeTmp'


    Feature record: C_FEATURE:1c_function_prototypes
    Feature record: C_FEATURE:0c_restrict
    Feature record: C_FEATURE:0c_static_assert
    Feature record: C_FEATURE:0c_variadic_macros
Determining if the CXX compiler works passed with the following output:
Change Dir: /home/mastercljohnson/MLG_KERNEL/eigen-3.3.7/build_dir/CMakeFiles/CMakeTmp

Run Build Command:"/usr/bin/make" "cmTC_8ee12/fast"
/usr/bin/make -f CMakeFiles/cmTC_8ee12.dir/build.make CMakeFiles/cmTC_8ee12.dir/build
make[1]: Entering directory '/home/mastercljohnson/MLG_KERNEL/eigen-3.3.7/build_dir/CMakeFiles/CMakeTmp'
Building CXX object CMakeFiles/cmTC_8ee12.dir/testCXXCompiler.cxx.o
/usr/bin/c++     -o CMakeFiles/cmTC_8ee12.dir/testCXXCompiler.cxx.o -c /home/mastercljohnson/MLG_KERNEL/eigen-3.3.7/build_dir/CMakeFiles/CMakeTmp/testCXXCompiler.cxx
Linking CXX executable cmTC_8ee12
/usr/bin/cmake -E cmake_link_script CMakeFiles/cmTC_8ee12.dir/link.txt --verbose=1
/usr/bin/c++       -rdynamic CMakeFiles/cmTC_8ee12.dir/testCXXCompiler.cxx.o  -o cmTC_8ee12 
make[1]: Leaving directory '/home/mastercljohnson/MLG_KERNEL/eigen-3.3.7/build_dir/CMakeFiles/CMakeTmp'


Detecting CXX compiler ABI info compiled with the following output:
Change Dir: /home/mastercljohnson/MLG_KERNEL/eigen-3.3.7/build_dir/CMakeFiles/CMakeTmp

Run Build Command:"/usr/bin/make" "cmTC_cc79d/fast"
/usr/bin/make -f CMakeFiles/cmTC_cc79d.dir/build.make CMakeFiles/cmTC_cc79d.dir/build
make[1]: Entering directory '/home/mastercljohnson/MLG_KERNEL/eigen-3.3.7/build_dir/CMakeFiles/CMakeTmp'
Building CXX object CMakeFiles/cmTC_cc79d.dir/CMakeCXXCompilerABI.cpp.o
/usr/bin/c++     -o CMakeFiles/cmTC_cc79d.dir/CMakeCXXCompilerABI.cpp.o -c /usr/share/cmake-3.10/Modules/CMakeCXXCompilerABI.cpp
Linking CXX executable cmTC_cc79d
/usr/bin/cmake -E cmake_link_script CMakeFiles/cmTC_cc79d.dir/link.txt --verbose=1
/usr/bin/c++      -v -rdynamic CMakeFiles/cmTC_cc79d.dir/CMakeCXXCompilerABI.cpp.o  -o cmTC_cc79d 
Using built-in specs.
COLLECT_GCC=/usr/bin/c++
COLLECT_LTO_WRAPPER=/usr/lib/gcc/x86_64-linux-gnu/7/lto-wrapper
OFFLOAD_TARGET_NAMES=nvptx-none
OFFLOAD_TARGET_DEFAULT=1
Target: x86_64-linux-gnu
Configured with: ../src/configure -v --with-pkgversion='Ubuntu 7.4.0-1ubuntu1~18.04.1' --with-bugurl=file:///usr/share/doc/gcc-7/README.Bugs --enable-languages=c,ada,c++,go,brig,d,fortran,objc,obj-c++ --prefix=/usr --with-gcc-major-version-only --program-suffix=-7 --program-prefix=x86_64-linux-gnu- --enable-shared --enable-linker-build-id --libexecdir=/usr/lib --without-included-gettext --enable-threads=posix --libdir=/usr/lib --enable-nls --with-sysroot=/ --enable-clocale=gnu --enable-libstdcxx-debug --enable-libstdcxx-time=yes --with-default-libstdcxx-abi=new --enable-gnu-unique-object --disable-vtable-verify --enable-libmpx --enable-plugin --enable-default-pie --with-system-zlib --with-target-system-zlib --enable-objc-gc=auto --enable-multiarch --disable-werror --with-arch-32=i686 --with-abi=m64 --with-multilib-list=m32,m64,mx32 --enable-multilib --with-tune=generic --enable-offload-targets=nvptx-none --without-cuda-driver --enable-checking=release --build=x86_64-linux-gnu --host=x86_64-linux-gnu --target=x86_64-linux-gnu
Thread model: posix
gcc version 7.4.0 (Ubuntu 7.4.0-1ubuntu1~18.04.1) 
COMPILER_PATH=/usr/lib/gcc/x86_64-linux-gnu/7/:/usr/lib/gcc/x86_64-linux-gnu/7/:/usr/lib/gcc/x86_64-linux-gnu/:/usr/lib/gcc/x86_64-linux-gnu/7/:/usr/lib/gcc/x86_64-linux-gnu/
LIBRARY_PATH=/usr/lib/gcc/x86_64-linux-gnu/7/:/usr/lib/gcc/x86_64-linux-gnu/7/../../../x86_64-linux-gnu/:/usr/lib/gcc/x86_64-linux-gnu/7/../../../../lib/:/lib/x86_64-linux-gnu/:/lib/../lib/:/usr/lib/x86_64-linux-gnu/:/usr/lib/../lib/:/usr/lib/gcc/x86_64-linux-gnu/7/../../../:/lib/:/usr/lib/
COLLECT_GCC_OPTIONS='-v' '-rdynamic' '-o' 'cmTC_cc79d' '-shared-libgcc' '-mtune=generic' '-march=x86-64'
 /usr/lib/gcc/x86_64-linux-gnu/7/collect2 -plugin /usr/lib/gcc/x86_64-linux-gnu/7/liblto_plugin.so -plugin-opt=/usr/lib/gcc/x86_64-linux-gnu/7/lto-wrapper -plugin-opt=-fresolution=/tmp/cc1cdgke.res -plugin-opt=-pass-through=-lgcc_s -plugin-opt=-pass-through=-lgcc -plugin-opt=-pass-through=-lc -plugin-opt=-pass-through=-lgcc_s -plugin-opt=-pass-through=-lgcc --sysroot=/ --build-id --eh-frame-hdr -m elf_x86_64 --hash-style=gnu --as-needed -export-dynamic -dynamic-linker /lib64/ld-linux-x86-64.so.2 -pie -z now -z relro -o cmTC_cc79d /usr/lib/gcc/x86_64-linux-gnu/7/../../../x86_64-linux-gnu/Scrt1.o /usr/lib/gcc/x86_64-linux-gnu/7/../../../x86_64-linux-gnu/crti.o /usr/lib/gcc/x86_64-linux-gnu/7/crtbeginS.o -L/usr/lib/gcc/x86_64-linux-gnu/7 -L/usr/lib/gcc/x86_64-linux-gnu/7/../../../x86_64-linux-gnu -L/usr/lib/gcc/x86_64-linux-gnu/7/../../../../lib -L/lib/x86_64-linux-gnu -L/lib/../lib -L/usr/lib/x86_64-linux-gnu -L/usr/lib/../lib -L/usr/lib/gcc/x86_64-linux-gnu/7/../../.. CMakeFiles/cmTC_cc79d.dir/CMakeCXXCompilerABI.cpp.o -lstdc++ -lm -lgcc_s -lgcc -lc -lgcc_s -lgcc /usr/lib/gcc/x86_64-linux-gnu/7/crtendS.o /usr/lib/gcc/x86_64-linux-gnu/7/../../../x86_64-linux-gnu/crtn.o
COLLECT_GCC_OPTIONS='-v' '-rdynamic' '-o' 'cmTC_cc79d' '-shared-libgcc' '-mtune=generic' '-march=x86-64'
make[1]: Leaving directory '/home/mastercljohnson/MLG_KERNEL/eigen-3.3.7/build_dir/CMakeFiles/CMakeTmp'


Parsed CXX implicit link information from above output:
  link line regex: [^( *|.*[/\])(ld|CMAKE_LINK_STARTFILE-NOTFOUND|([^/\]+-)?ld|collect2)[^/\]*( |$)]
  ignore line: [Change Dir: /home/mastercljohnson/MLG_KERNEL/eigen-3.3.7/build_dir/CMakeFiles/CMakeTmp]
  ignore line: []
  ignore line: [Run Build Command:"/usr/bin/make" "cmTC_cc79d/fast"]
  ignore line: [/usr/bin/make -f CMakeFiles/cmTC_cc79d.dir/build.make CMakeFiles/cmTC_cc79d.dir/build]
  ignore line: [make[1]: Entering directory '/home/mastercljohnson/MLG_KERNEL/eigen-3.3.7/build_dir/CMakeFiles/CMakeTmp']
  ignore line: [Building CXX object CMakeFiles/cmTC_cc79d.dir/CMakeCXXCompilerABI.cpp.o]
  ignore line: [/usr/bin/c++     -o CMakeFiles/cmTC_cc79d.dir/CMakeCXXCompilerABI.cpp.o -c /usr/share/cmake-3.10/Modules/CMakeCXXCompilerABI.cpp]
  ignore line: [Linking CXX executable cmTC_cc79d]
  ignore line: [/usr/bin/cmake -E cmake_link_script CMakeFiles/cmTC_cc79d.dir/link.txt --verbose=1]
  ignore line: [/usr/bin/c++      -v -rdynamic CMakeFiles/cmTC_cc79d.dir/CMakeCXXCompilerABI.cpp.o  -o cmTC_cc79d ]
  ignore line: [Using built-in specs.]
  ignore line: [COLLECT_GCC=/usr/bin/c++]
  ignore line: [COLLECT_LTO_WRAPPER=/usr/lib/gcc/x86_64-linux-gnu/7/lto-wrapper]
  ignore line: [OFFLOAD_TARGET_NAMES=nvptx-none]
  ignore line: [OFFLOAD_TARGET_DEFAULT=1]
  ignore line: [Target: x86_64-linux-gnu]
  ignore line: [Configured with: ../src/configure -v --with-pkgversion='Ubuntu 7.4.0-1ubuntu1~18.04.1' --with-bugurl=file:///usr/share/doc/gcc-7/README.Bugs --enable-languages=c,ada,c++,go,brig,d,fortran,objc,obj-c++ --prefix=/usr --with-gcc-major-version-only --program-suffix=-7 --program-prefix=x86_64-linux-gnu- --enable-shared --enable-linker-build-id --libexecdir=/usr/lib --without-included-gettext --enable-threads=posix --libdir=/usr/lib --enable-nls --with-sysroot=/ --enable-clocale=gnu --enable-libstdcxx-debug --enable-libstdcxx-time=yes --with-default-libstdcxx-abi=new --enable-gnu-unique-object --disable-vtable-verify --enable-libmpx --enable-plugin --enable-default-pie --with-system-zlib --with-target-system-zlib --enable-objc-gc=auto --enable-multiarch --disable-werror --with-arch-32=i686 --with-abi=m64 --with-multilib-list=m32,m64,mx32 --enable-multilib --with-tune=generic --enable-offload-targets=nvptx-none --without-cuda-driver --enable-checking=release --build=x86_64-linux-gnu --host=x86_64-linux-gnu --target=x86_64-linux-gnu]
  ignore line: [Thread model: posix]
  ignore line: [gcc version 7.4.0 (Ubuntu 7.4.0-1ubuntu1~18.04.1) ]
  ignore line: [COMPILER_PATH=/usr/lib/gcc/x86_64-linux-gnu/7/:/usr/lib/gcc/x86_64-linux-gnu/7/:/usr/lib/gcc/x86_64-linux-gnu/:/usr/lib/gcc/x86_64-linux-gnu/7/:/usr/lib/gcc/x86_64-linux-gnu/]
  ignore line: [LIBRARY_PATH=/usr/lib/gcc/x86_64-linux-gnu/7/:/usr/lib/gcc/x86_64-linux-gnu/7/../../../x86_64-linux-gnu/:/usr/lib/gcc/x86_64-linux-gnu/7/../../../../lib/:/lib/x86_64-linux-gnu/:/lib/../lib/:/usr/lib/x86_64-linux-gnu/:/usr/lib/../lib/:/usr/lib/gcc/x86_64-linux-gnu/7/../../../:/lib/:/usr/lib/]
  ignore line: [COLLECT_GCC_OPTIONS='-v' '-rdynamic' '-o' 'cmTC_cc79d' '-shared-libgcc' '-mtune=generic' '-march=x86-64']
  link line: [ /usr/lib/gcc/x86_64-linux-gnu/7/collect2 -plugin /usr/lib/gcc/x86_64-linux-gnu/7/liblto_plugin.so -plugin-opt=/usr/lib/gcc/x86_64-linux-gnu/7/lto-wrapper -plugin-opt=-fresolution=/tmp/cc1cdgke.res -plugin-opt=-pass-through=-lgcc_s -plugin-opt=-pass-through=-lgcc -plugin-opt=-pass-through=-lc -plugin-opt=-pass-through=-lgcc_s -plugin-opt=-pass-through=-lgcc --sysroot=/ --build-id --eh-frame-hdr -m elf_x86_64 --hash-style=gnu --as-needed -export-dynamic -dynamic-linker /lib64/ld-linux-x86-64.so.2 -pie -z now -z relro -o cmTC_cc79d /usr/lib/gcc/x86_64-linux-gnu/7/../../../x86_64-linux-gnu/Scrt1.o /usr/lib/gcc/x86_64-linux-gnu/7/../../../x86_64-linux-gnu/crti.o /usr/lib/gcc/x86_64-linux-gnu/7/crtbeginS.o -L/usr/lib/gcc/x86_64-linux-gnu/7 -L/usr/lib/gcc/x86_64-linux-gnu/7/../../../x86_64-linux-gnu -L/usr/lib/gcc/x86_64-linux-gnu/7/../../../../lib -L/lib/x86_64-linux-gnu -L/lib/../lib -L/usr/lib/x86_64-linux-gnu -L/usr/lib/../lib -L/usr/lib/gcc/x86_64-linux-gnu/7/../../.. CMakeFiles/cmTC_cc79d.dir/CMakeCXXCompilerABI.cpp.o -lstdc++ -lm -lgcc_s -lgcc -lc -lgcc_s -lgcc /usr/lib/gcc/x86_64-linux-gnu/7/crtendS.o /usr/lib/gcc/x86_64-linux-gnu/7/../../../x86_64-linux-gnu/crtn.o]
    arg [/usr/lib/gcc/x86_64-linux-gnu/7/collect2] ==> ignore
    arg [-plugin] ==> ignore
    arg [/usr/lib/gcc/x86_64-linux-gnu/7/liblto_plugin.so] ==> ignore
    arg [-plugin-opt=/usr/lib/gcc/x86_64-linux-gnu/7/lto-wrapper] ==> ignore
    arg [-plugin-opt=-fresolution=/tmp/cc1cdgke.res] ==> ignore
    arg [-plugin-opt=-pass-through=-lgcc_s] ==> ignore
    arg [-plugin-opt=-pass-through=-lgcc] ==> ignore
    arg [-plugin-opt=-pass-through=-lc] ==> ignore
    arg [-plugin-opt=-pass-through=-lgcc_s] ==> ignore
    arg [-plugin-opt=-pass-through=-lgcc] ==> ignore
    arg [--sysroot=/] ==> ignore
    arg [--build-id] ==> ignore
    arg [--eh-frame-hdr] ==> ignore
    arg [-m] ==> ignore
    arg [elf_x86_64] ==> ignore
    arg [--hash-style=gnu] ==> ignore
    arg [--as-needed] ==> ignore
    arg [-export-dynamic] ==> ignore
    arg [-dynamic-linker] ==> ignore
    arg [/lib64/ld-linux-x86-64.so.2] ==> ignore
    arg [-pie] ==> ignore
    arg [-znow] ==> ignore
    arg [-zrelro] ==> ignore
    arg [-o] ==> ignore
    arg [cmTC_cc79d] ==> ignore
    arg [/usr/lib/gcc/x86_64-linux-gnu/7/../../../x86_64-linux-gnu/Scrt1.o] ==> ignore
    arg [/usr/lib/gcc/x86_64-linux-gnu/7/../../../x86_64-linux-gnu/crti.o] ==> ignore
    arg [/usr/lib/gcc/x86_64-linux-gnu/7/crtbeginS.o] ==> ignore
    arg [-L/usr/lib/gcc/x86_64-linux-gnu/7] ==> dir [/usr/lib/gcc/x86_64-linux-gnu/7]
    arg [-L/usr/lib/gcc/x86_64-linux-gnu/7/../../../x86_64-linux-gnu] ==> dir [/usr/lib/gcc/x86_64-linux-gnu/7/../../../x86_64-linux-gnu]
    arg [-L/usr/lib/gcc/x86_64-linux-gnu/7/../../../../lib] ==> dir [/usr/lib/gcc/x86_64-linux-gnu/7/../../../../lib]
    arg [-L/lib/x86_64-linux-gnu] ==> dir [/lib/x86_64-linux-gnu]
    arg [-L/lib/../lib] ==> dir [/lib/../lib]
    arg [-L/usr/lib/x86_64-linux-gnu] ==> dir [/usr/lib/x86_64-linux-gnu]
    arg [-L/usr/lib/../lib] ==> dir [/usr/lib/../lib]
    arg [-L/usr/lib/gcc/x86_64-linux-gnu/7/../../..] ==> dir [/usr/lib/gcc/x86_64-linux-gnu/7/../../..]
    arg [CMakeFiles/cmTC_cc79d.dir/CMakeCXXCompilerABI.cpp.o] ==> ignore
    arg [-lstdc++] ==> lib [stdc++]
    arg [-lm] ==> lib [m]
    arg [-lgcc_s] ==> lib [gcc_s]
    arg [-lgcc] ==> lib [gcc]
    arg [-lc] ==> lib [c]
    arg [-lgcc_s] ==> lib [gcc_s]
    arg [-lgcc] ==> lib [gcc]
    arg [/usr/lib/gcc/x86_64-linux-gnu/7/crtendS.o] ==> ignore
    arg [/usr/lib/gcc/x86_64-linux-gnu/7/../../../x86_64-linux-gnu/crtn.o] ==> ignore
  collapse library dir [/usr/lib/gcc/x86_64-linux-gnu/7] ==> [/usr/lib/gcc/x86_64-linux-gnu/7]
  collapse library dir [/usr/lib/gcc/x86_64-linux-gnu/7/../../../x86_64-linux-gnu] ==> [/usr/lib/x86_64-linux-gnu]
  collapse library dir [/usr/lib/gcc/x86_64-linux-gnu/7/../../../../lib] ==> [/usr/lib]
  collapse library dir [/lib/x86_64-linux-gnu] ==> [/lib/x86_64-linux-gnu]
  collapse library dir [/lib/../lib] ==> [/lib]
  collapse library dir [/usr/lib/x86_64-linux-gnu] ==> [/usr/lib/x86_64-linux-gnu]
  collapse library dir [/usr/lib/../lib] ==> [/usr/lib]
  collapse library dir [/usr/lib/gcc/x86_64-linux-gnu/7/../../..] ==> [/usr/lib]
  implicit libs: [stdc++;m;gcc_s;gcc;c;gcc_s;gcc]
  implicit dirs: [/usr/lib/gcc/x86_64-linux-gnu/7;/usr/lib/x86_64-linux-gnu;/usr/lib;/lib/x86_64-linux-gnu;/lib]
  implicit fwks: []




Detecting CXX [-std=c++1z] compiler features compiled with the following output:
Change Dir: /home/mastercljohnson/MLG_KERNEL/eigen-3.3.7/build_dir/CMakeFiles/CMakeTmp

Run Build Command:"/usr/bin/make" "cmTC_03af4/fast"
/usr/bin/make -f CMakeFiles/cmTC_03af4.dir/build.make CMakeFiles/cmTC_03af4.dir/build
make[1]: Entering directory '/home/mastercljohnson/MLG_KERNEL/eigen-3.3.7/build_dir/CMakeFiles/CMakeTmp'
Building CXX object CMakeFiles/cmTC_03af4.dir/feature_tests.cxx.o
/usr/bin/c++    -std=c++1z -o CMakeFiles/cmTC_03af4.dir/feature_tests.cxx.o -c /home/mastercljohnson/MLG_KERNEL/eigen-3.3.7/build_dir/CMakeFiles/feature_tests.cxx
Linking CXX executable cmTC_03af4
/usr/bin/cmake -E cmake_link_script CMakeFiles/cmTC_03af4.dir/link.txt --verbose=1
/usr/bin/c++       -rdynamic CMakeFiles/cmTC_03af4.dir/feature_tests.cxx.o  -o cmTC_03af4 
make[1]: Leaving directory '/home/mastercljohnson/MLG_KERNEL/eigen-3.3.7/build_dir/CMakeFiles/CMakeTmp'


    Feature record: CXX_FEATURE:1cxx_aggregate_default_initializers
    Feature record: CXX_FEATURE:1cxx_alias_templates
    Feature record: CXX_FEATURE:1cxx_alignas
    Feature record: CXX_FEATURE:1cxx_alignof
    Feature record: CXX_FEATURE:1cxx_attributes
    Feature record: CXX_FEATURE:1cxx_attribute_deprecated
    Feature record: CXX_FEATURE:1cxx_auto_type
    Feature record: CXX_FEATURE:1cxx_binary_literals
    Feature record: CXX_FEATURE:1cxx_constexpr
    Feature record: CXX_FEATURE:1cxx_contextual_conversions
    Feature record: CXX_FEATURE:1cxx_decltype
    Feature record: CXX_FEATURE:1cxx_decltype_auto
    Feature record: CXX_FEATURE:1cxx_decltype_incomplete_return_types
    Feature record: CXX_FEATURE:1cxx_default_function_template_args
    Feature record: CXX_FEATURE:1cxx_defaulted_functions
    Feature record: CXX_FEATURE:1cxx_defaulted_move_initializers
    Feature record: CXX_FEATURE:1cxx_delegating_constructors
    Feature record: CXX_FEATURE:1cxx_deleted_functions
    Feature record: CXX_FEATURE:1cxx_digit_separators
    Feature record: CXX_FEATURE:1cxx_enum_forward_declarations
    Feature record: CXX_FEATURE:1cxx_explicit_conversions
    Feature record: CXX_FEATURE:1cxx_extended_friend_declarations
    Feature record: CXX_FEATURE:1cxx_extern_templates
    Feature record: CXX_FEATURE:1cxx_final
    Feature record: CXX_FEATURE:1cxx_func_identifier
    Feature record: CXX_FEATURE:1cxx_generalized_initializers
    Feature record: CXX_FEATURE:1cxx_generic_lambdas
    Feature record: CXX_FEATURE:1cxx_inheriting_constructors
    Feature record: CXX_FEATURE:1cxx_inline_namespaces
    Feature record: CXX_FEATURE:1cxx_lambdas
    Feature record: CXX_FEATURE:1cxx_lambda_init_captures
    Feature record: CXX_FEATURE:1cxx_local_type_template_args
    Feature record: CXX_FEATURE:1cxx_long_long_type
    Feature record: CXX_FEATURE:1cxx_noexcept
    Feature record: CXX_FEATURE:1cxx_nonstatic_member_init
    Feature record: CXX_FEATURE:1cxx_nullptr
    Feature record: CXX_FEATURE:1cxx_override
    Feature record: CXX_FEATURE:1cxx_range_for
    Feature record: CXX_FEATURE:1cxx_raw_string_literals
    Feature record: CXX_FEATURE:1cxx_reference_qualified_functions
    Feature record: CXX_FEATURE:1cxx_relaxed_constexpr
    Feature record: CXX_FEATURE:1cxx_return_type_deduction
    Feature record: CXX_FEATURE:1cxx_right_angle_brackets
    Feature record: CXX_FEATURE:1cxx_rvalue_references
    Feature record: CXX_FEATURE:1cxx_sizeof_member
    Feature record: CXX_FEATURE:1cxx_static_assert
    Feature record: CXX_FEATURE:1cxx_strong_enums
    Feature record: CXX_FEATURE:1cxx_template_template_parameters
    Feature record: CXX_FEATURE:1cxx_thread_local
    Feature record: CXX_FEATURE:1cxx_trailing_return_types
    Feature record: CXX_FEATURE:1cxx_unicode_literals
    Feature record: CXX_FEATURE:1cxx_uniform_initialization
    Feature record: CXX_FEATURE:1cxx_unrestricted_unions
    Feature record: CXX_FEATURE:1cxx_user_literals
    Feature record: CXX_FEATURE:1cxx_variable_templates
    Feature record: CXX_FEATURE:1cxx_variadic_macros
    Feature record: CXX_FEATURE:1cxx_variadic_templates


Detecting CXX [-std=c++14] compiler features compiled with the following output:
Change Dir: /home/mastercljohnson/MLG_KERNEL/eigen-3.3.7/build_dir/CMakeFiles/CMakeTmp

Run Build Command:"/usr/bin/make" "cmTC_7821e/fast"
/usr/bin/make -f CMakeFiles/cmTC_7821e.dir/build.make CMakeFiles/cmTC_7821e.dir/build
make[1]: Entering directory '/home/mastercljohnson/MLG_KERNEL/eigen-3.3.7/build_dir/CMakeFiles/CMakeTmp'
Building CXX object CMakeFiles/cmTC_7821e.dir/feature_tests.cxx.o
/usr/bin/c++    -std=c++14 -o CMakeFiles/cmTC_7821e.dir/feature_tests.cxx.o -c /home/mastercljohnson/MLG_KERNEL/eigen-3.3.7/build_dir/CMakeFiles/feature_tests.cxx
Linking CXX executable cmTC_7821e
/usr/bin/cmake -E cmake_link_script CMakeFiles/cmTC_7821e.dir/link.txt --verbose=1
/usr/bin/c++       -rdynamic CMakeFiles/cmTC_7821e.dir/feature_tests.cxx.o  -o cmTC_7821e 
make[1]: Leaving directory '/home/mastercljohnson/MLG_KERNEL/eigen-3.3.7/build_dir/CMakeFiles/CMakeTmp'


    Feature record: CXX_FEATURE:1cxx_aggregate_default_initializers
    Feature record: CXX_FEATURE:1cxx_alias_templates
    Feature record: CXX_FEATURE:1cxx_alignas
    Feature record: CXX_FEATURE:1cxx_alignof
    Feature record: CXX_FEATURE:1cxx_attributes
    Feature record: CXX_FEATURE:1cxx_attribute_deprecated
    Feature record: CXX_FEATURE:1cxx_auto_type
    Feature record: CXX_FEATURE:1cxx_binary_literals
    Feature record: CXX_FEATURE:1cxx_constexpr
    Feature record: CXX_FEATURE:1cxx_contextual_conversions
    Feature record: CXX_FEATURE:1cxx_decltype
    Feature record: CXX_FEATURE:1cxx_decltype_auto
    Feature record: CXX_FEATURE:1cxx_decltype_incomplete_return_types
    Feature record: CXX_FEATURE:1cxx_default_function_template_args
    Feature record: CXX_FEATURE:1cxx_defaulted_functions
    Feature record: CXX_FEATURE:1cxx_defaulted_move_initializers
    Feature record: CXX_FEATURE:1cxx_delegating_constructors
    Feature record: CXX_FEATURE:1cxx_deleted_functions
    Feature record: CXX_FEATURE:1cxx_digit_separators
    Feature record: CXX_FEATURE:1cxx_enum_forward_declarations
    Feature record: CXX_FEATURE:1cxx_explicit_conversions
    Feature record: CXX_FEATURE:1cxx_extended_friend_declarations
    Feature record: CXX_FEATURE:1cxx_extern_templates
    Feature record: CXX_FEATURE:1cxx_final
    Feature record: CXX_FEATURE:1cxx_func_identifier
    Feature record: CXX_FEATURE:1cxx_generalized_initializers
    Feature record: CXX_FEATURE:1cxx_generic_lambdas
    Feature record: CXX_FEATURE:1cxx_inheriting_constructors
    Feature record: CXX_FEATURE:1cxx_inline_namespaces
    Feature record: CXX_FEATURE:1cxx_lambdas
    Feature record: CXX_FEATURE:1cxx_lambda_init_captures
    Feature record: CXX_FEATURE:1cxx_local_type_template_args
    Feature record: CXX_FEATURE:1cxx_long_long_type
    Feature record: CXX_FEATURE:1cxx_noexcept
    Feature record: CXX_FEATURE:1cxx_nonstatic_member_init
    Feature record: CXX_FEATURE:1cxx_nullptr
    Feature record: CXX_FEATURE:1cxx_override
    Feature record: CXX_FEATURE:1cxx_range_for
    Feature record: CXX_FEATURE:1cxx_raw_string_literals
    Feature record: CXX_FEATURE:1cxx_reference_qualified_functions
    Feature record: CXX_FEATURE:1cxx_relaxed_constexpr
    Feature record: CXX_FEATURE:1cxx_return_type_deduction
    Feature record: CXX_FEATURE:1cxx_right_angle_brackets
    Feature record: CXX_FEATURE:1cxx_rvalue_references
    Feature record: CXX_FEATURE:1cxx_sizeof_member
    Feature record: CXX_FEATURE:1cxx_static_assert
    Feature record: CXX_FEATURE:1cxx_strong_enums
    Feature record: CXX_FEATURE:1cxx_template_template_parameters
    Feature record: CXX_FEATURE:1cxx_thread_local
    Feature record: CXX_FEATURE:1cxx_trailing_return_types
    Feature record: CXX_FEATURE:1cxx_unicode_literals
    Feature record: CXX_FEATURE:1cxx_uniform_initialization
    Feature record: CXX_FEATURE:1cxx_unrestricted_unions
    Feature record: CXX_FEATURE:1cxx_user_literals
    Feature record: CXX_FEATURE:1cxx_variable_templates
    Feature record: CXX_FEATURE:1cxx_variadic_macros
    Feature record: CXX_FEATURE:1cxx_variadic_templates


Detecting CXX [-std=c++11] compiler features compiled with the following output:
Change Dir: /home/mastercljohnson/MLG_KERNEL/eigen-3.3.7/build_dir/CMakeFiles/CMakeTmp

Run Build Command:"/usr/bin/make" "cmTC_44b9d/fast"
/usr/bin/make -f CMakeFiles/cmTC_44b9d.dir/build.make CMakeFiles/cmTC_44b9d.dir/build
make[1]: Entering directory '/home/mastercljohnson/MLG_KERNEL/eigen-3.3.7/build_dir/CMakeFiles/CMakeTmp'
Building CXX object CMakeFiles/cmTC_44b9d.dir/feature_tests.cxx.o
/usr/bin/c++    -std=c++11 -o CMakeFiles/cmTC_44b9d.dir/feature_tests.cxx.o -c /home/mastercljohnson/MLG_KERNEL/eigen-3.3.7/build_dir/CMakeFiles/feature_tests.cxx
Linking CXX executable cmTC_44b9d
/usr/bin/cmake -E cmake_link_script CMakeFiles/cmTC_44b9d.dir/link.txt --verbose=1
/usr/bin/c++       -rdynamic CMakeFiles/cmTC_44b9d.dir/feature_tests.cxx.o  -o cmTC_44b9d 
make[1]: Leaving directory '/home/mastercljohnson/MLG_KERNEL/eigen-3.3.7/build_dir/CMakeFiles/CMakeTmp'


    Feature record: CXX_FEATURE:0cxx_aggregate_default_initializers
    Feature record: CXX_FEATURE:1cxx_alias_templates
    Feature record: CXX_FEATURE:1cxx_alignas
    Feature record: CXX_FEATURE:1cxx_alignof
    Feature record: CXX_FEATURE:1cxx_attributes
    Feature record: CXX_FEATURE:0cxx_attribute_deprecated
    Feature record: CXX_FEATURE:1cxx_auto_type
    Feature record: CXX_FEATURE:0cxx_binary_literals
    Feature record: CXX_FEATURE:1cxx_constexpr
    Feature record: CXX_FEATURE:0cxx_contextual_conversions
    Feature record: CXX_FEATURE:1cxx_decltype
    Feature record: CXX_FEATURE:0cxx_decltype_auto
    Feature record: CXX_FEATURE:1cxx_decltype_incomplete_return_types
    Feature record: CXX_FEATURE:1cxx_default_function_template_args
    Feature record: CXX_FEATURE:1cxx_defaulted_functions
    Feature record: CXX_FEATURE:1cxx_defaulted_move_initializers
    Feature record: CXX_FEATURE:1cxx_delegating_constructors
    Feature record: CXX_FEATURE:1cxx_deleted_functions
    Feature record: CXX_FEATURE:0cxx_digit_separators
    Feature record: CXX_FEATURE:1cxx_enum_forward_declarations
    Feature record: CXX_FEATURE:1cxx_explicit_conversions
    Feature record: CXX_FEATURE:1cxx_extended_friend_declarations
    Feature record: CXX_FEATURE:1cxx_extern_templates
    Feature record: CXX_FEATURE:1cxx_final
    Feature record: CXX_FEATURE:1cxx_func_identifier
    Feature record: CXX_FEATURE:1cxx_generalized_initializers
    Feature record: CXX_FEATURE:0cxx_generic_lambdas
    Feature record: CXX_FEATURE:1cxx_inheriting_constructors
    Feature record: CXX_FEATURE:1cxx_inline_namespaces
    Feature record: CXX_FEATURE:1cxx_lambdas
    Feature record: CXX_FEATURE:0cxx_lambda_init_captures
    Feature record: CXX_FEATURE:1cxx_local_type_template_args
    Feature record: CXX_FEATURE:1cxx_long_long_type
    Feature record: CXX_FEATURE:1cxx_noexcept
    Feature record: CXX_FEATURE:1cxx_nonstatic_member_init
    Feature record: CXX_FEATURE:1cxx_nullptr
    Feature record: CXX_FEATURE:1cxx_override
    Feature record: CXX_FEATURE:1cxx_range_for
    Feature record: CXX_FEATURE:1cxx_raw_string_literals
    Feature record: CXX_FEATURE:1cxx_reference_qualified_functions
    Feature record: CXX_FEATURE:0cxx_relaxed_constexpr
    Feature record: CXX_FEATURE:0cxx_return_type_deduction
    Feature record: CXX_FEATURE:1cxx_right_angle_brackets
    Feature record: CXX_FEATURE:1cxx_rvalue_references
    Feature record: CXX_FEATURE:1cxx_sizeof_member
    Feature record: CXX_FEATURE:1cxx_static_assert
    Feature record: CXX_FEATURE:1cxx_strong_enums
    Feature record: CXX_FEATURE:1cxx_template_template_parameters
    Feature record: CXX_FEATURE:1cxx_thread_local
    Feature record: CXX_FEATURE:1cxx_trailing_return_types
    Feature record: CXX_FEATURE:1cxx_unicode_literals
    Feature record: CXX_FEATURE:1cxx_uniform_initialization
    Feature record: CXX_FEATURE:1cxx_unrestricted_unions
    Feature record: CXX_FEATURE:1cxx_user_literals
    Feature record: CXX_FEATURE:0cxx_variable_templates
    Feature record: CXX_FEATURE:1cxx_variadic_macros
    Feature record: CXX_FEATURE:1cxx_variadic_templates


Detecting CXX [-std=c++98] compiler features compiled with the following output:
Change Dir: /home/mastercljohnson/MLG_KERNEL/eigen-3.3.7/build_dir/CMakeFiles/CMakeTmp

Run Build Command:"/usr/bin/make" "cmTC_2ab5f/fast"
/usr/bin/make -f CMakeFiles/cmTC_2ab5f.dir/build.make CMakeFiles/cmTC_2ab5f.dir/build
make[1]: Entering directory '/home/mastercljohnson/MLG_KERNEL/eigen-3.3.7/build_dir/CMakeFiles/CMakeTmp'
Building CXX object CMakeFiles/cmTC_2ab5f.dir/feature_tests.cxx.o
/usr/bin/c++    -std=c++98 -o CMakeFiles/cmTC_2ab5f.dir/feature_tests.cxx.o -c /home/mastercljohnson/MLG_KERNEL/eigen-3.3.7/build_dir/CMakeFiles/feature_tests.cxx
Linking CXX executable cmTC_2ab5f
/usr/bin/cmake -E cmake_link_script CMakeFiles/cmTC_2ab5f.dir/link.txt --verbose=1
/usr/bin/c++       -rdynamic CMakeFiles/cmTC_2ab5f.dir/feature_tests.cxx.o  -o cmTC_2ab5f 
make[1]: Leaving directory '/home/mastercljohnson/MLG_KERNEL/eigen-3.3.7/build_dir/CMakeFiles/CMakeTmp'


    Feature record: CXX_FEATURE:0cxx_aggregate_default_initializers
    Feature record: CXX_FEATURE:0cxx_alias_templates
    Feature record: CXX_FEATURE:0cxx_alignas
    Feature record: CXX_FEATURE:0cxx_alignof
    Feature record: CXX_FEATURE:0cxx_attributes
    Feature record: CXX_FEATURE:0cxx_attribute_deprecated
    Feature record: CXX_FEATURE:0cxx_auto_type
    Feature record: CXX_FEATURE:0cxx_binary_literals
    Feature record: CXX_FEATURE:0cxx_constexpr
    Feature record: CXX_FEATURE:0cxx_contextual_conversions
    Feature record: CXX_FEATURE:0cxx_decltype
    Feature record: CXX_FEATURE:0cxx_decltype_auto
    Feature record: CXX_FEATURE:0cxx_decltype_incomplete_return_types
    Feature record: CXX_FEATURE:0cxx_default_function_template_args
    Feature record: CXX_FEATURE:0cxx_defaulted_functions
    Feature record: CXX_FEATURE:0cxx_defaulted_move_initializers
    Feature record: CXX_FEATURE:0cxx_delegating_constructors
    Feature record: CXX_FEATURE:0cxx_deleted_functions
    Feature record: CXX_FEATURE:0cxx_digit_separators
    Feature record: CXX_FEATURE:0cxx_enum_forward_declarations
    Feature record: CXX_FEATURE:0cxx_explicit_conversions
    Feature record: CXX_FEATURE:0cxx_extended_friend_declarations
    Feature record: CXX_FEATURE:0cxx_extern_templates
    Feature record: CXX_FEATURE:0cxx_final
    Feature record: CXX_FEATURE:0cxx_func_identifier
    Feature record: CXX_FEATURE:0cxx_generalized_initializers
    Feature record: CXX_FEATURE:0cxx_generic_lambdas
    Feature record: CXX_FEATURE:0cxx_inheriting_constructors
    Feature record: CXX_FEATURE:0cxx_inline_namespaces
    Feature record: CXX_FEATURE:0cxx_lambdas
    Feature record: CXX_FEATURE:0cxx_lambda_init_captures
    Feature record: CXX_FEATURE:0cxx_local_type_template_args
    Feature record: CXX_FEATURE:0cxx_long_long_type
    Feature record: CXX_FEATURE:0cxx_noexcept
    Feature record: CXX_FEATURE:0cxx_nonstatic_member_init
    Feature record: CXX_FEATURE:0cxx_nullptr
    Feature record: CXX_FEATURE:0cxx_override
    Feature record: CXX_FEATURE:0cxx_range_for
    Feature record: CXX_FEATURE:0cxx_raw_string_literals
    Feature record: CXX_FEATURE:0cxx_reference_qualified_functions
    Feature record: CXX_FEATURE:0cxx_relaxed_constexpr
    Feature record: CXX_FEATURE:0cxx_return_type_deduction
    Feature record: CXX_FEATURE:0cxx_right_angle_brackets
    Feature record: CXX_FEATURE:0cxx_rvalue_references
    Feature record: CXX_FEATURE:0cxx_sizeof_member
    Feature record: CXX_FEATURE:0cxx_static_assert
    Feature record: CXX_FEATURE:0cxx_strong_enums
    Feature record: CXX_FEATURE:1cxx_template_template_parameters
    Feature record: CXX_FEATURE:0cxx_thread_local
    Feature record: CXX_FEATURE:0cxx_trailing_return_types
    Feature record: CXX_FEATURE:0cxx_unicode_literals
    Feature record: CXX_FEATURE:0cxx_uniform_initialization
    Feature record: CXX_FEATURE:0cxx_unrestricted_unions
    Feature record: CXX_FEATURE:0cxx_user_literals
    Feature record: CXX_FEATURE:0cxx_variable_templates
    Feature record: CXX_FEATURE:0cxx_variadic_macros
    Feature record: CXX_FEATURE:0cxx_variadic_templates
Performing C++ SOURCE FILE Test EIGEN_COMPILER_SUPPORT_CPP11 succeeded with the following output:
Change Dir: /home/mastercljohnson/MLG_KERNEL/eigen-3.3.7/build_dir/CMakeFiles/CMakeTmp

Run Build Command:"/usr/bin/make" "cmTC_3b7b8/fast"
/usr/bin/make -f CMakeFiles/cmTC_3b7b8.dir/build.make CMakeFiles/cmTC_3b7b8.dir/build
make[1]: Entering directory '/home/mastercljohnson/MLG_KERNEL/eigen-3.3.7/build_dir/CMakeFiles/CMakeTmp'
Building CXX object CMakeFiles/cmTC_3b7b8.dir/src.cxx.o
/usr/bin/c++    -DEIGEN_COMPILER_SUPPORT_CPP11   -std=c++11 -o CMakeFiles/cmTC_3b7b8.dir/src.cxx.o -c /home/mastercljohnson/MLG_KERNEL/eigen-3.3.7/build_dir/CMakeFiles/CMakeTmp/src.cxx
Linking CXX executable cmTC_3b7b8
/usr/bin/cmake -E cmake_link_script CMakeFiles/cmTC_3b7b8.dir/link.txt --verbose=1
/usr/bin/c++   -DEIGEN_COMPILER_SUPPORT_CPP11    -rdynamic CMakeFiles/cmTC_3b7b8.dir/src.cxx.o  -o cmTC_3b7b8 
make[1]: Leaving directory '/home/mastercljohnson/MLG_KERNEL/eigen-3.3.7/build_dir/CMakeFiles/CMakeTmp'

Source file was:
int main() { return 0; }
Performing C++ SOURCE FILE Test COMPILER_SUPPORT_std=cpp03 succeeded with the following output:
Change Dir: /home/mastercljohnson/MLG_KERNEL/eigen-3.3.7/build_dir/CMakeFiles/CMakeTmp

Run Build Command:"/usr/bin/make" "cmTC_caed9/fast"
/usr/bin/make -f CMakeFiles/cmTC_caed9.dir/build.make CMakeFiles/cmTC_caed9.dir/build
make[1]: Entering directory '/home/mastercljohnson/MLG_KERNEL/eigen-3.3.7/build_dir/CMakeFiles/CMakeTmp'
Building CXX object CMakeFiles/cmTC_caed9.dir/src.cxx.o
/usr/bin/c++    -DCOMPILER_SUPPORT_std=cpp03   -std=c++03 -o CMakeFiles/cmTC_caed9.dir/src.cxx.o -c /home/mastercljohnson/MLG_KERNEL/eigen-3.3.7/build_dir/CMakeFiles/CMakeTmp/src.cxx
Linking CXX executable cmTC_caed9
/usr/bin/cmake -E cmake_link_script CMakeFiles/cmTC_caed9.dir/link.txt --verbose=1
/usr/bin/c++   -DCOMPILER_SUPPORT_std=cpp03    -rdynamic CMakeFiles/cmTC_caed9.dir/src.cxx.o  -o cmTC_caed9 
make[1]: Leaving directory '/home/mastercljohnson/MLG_KERNEL/eigen-3.3.7/build_dir/CMakeFiles/CMakeTmp'

Source file was:
int main() { return 0; }
Performing C++ SOURCE FILE Test standard_math_library_linked_to_automatically succeeded with the following output:
Change Dir: /home/mastercljohnson/MLG_KERNEL/eigen-3.3.7/build_dir/CMakeFiles/CMakeTmp

Run Build Command:"/usr/bin/make" "cmTC_95ef5/fast"
/usr/bin/make -f CMakeFiles/cmTC_95ef5.dir/build.make CMakeFiles/cmTC_95ef5.dir/build
make[1]: Entering directory '/home/mastercljohnson/MLG_KERNEL/eigen-3.3.7/build_dir/CMakeFiles/CMakeTmp'
Building CXX object CMakeFiles/cmTC_95ef5.dir/src.cxx.o
/usr/bin/c++    -std=c++03 -Dstandard_math_library_linked_to_automatically   -o CMakeFiles/cmTC_95ef5.dir/src.cxx.o -c /home/mastercljohnson/MLG_KERNEL/eigen-3.3.7/build_dir/CMakeFiles/CMakeTmp/src.cxx
Linking CXX executable cmTC_95ef5
/usr/bin/cmake -E cmake_link_script CMakeFiles/cmTC_95ef5.dir/link.txt --verbose=1
/usr/bin/c++   -std=c++03 -Dstandard_math_library_linked_to_automatically    -rdynamic CMakeFiles/cmTC_95ef5.dir/src.cxx.o  -o cmTC_95ef5 
make[1]: Leaving directory '/home/mastercljohnson/MLG_KERNEL/eigen-3.3.7/build_dir/CMakeFiles/CMakeTmp'

Source file was:
#include<cmath>
int main() { std::sin(0.0); std::log(0.0f); }
Performing C++ SOURCE FILE Test COMPILER_SUPPORT_WERROR succeeded with the following output:
Change Dir: /home/mastercljohnson/MLG_KERNEL/eigen-3.3.7/build_dir/CMakeFiles/CMakeTmp

Run Build Command:"/usr/bin/make" "cmTC_723a5/fast"
/usr/bin/make -f CMakeFiles/cmTC_723a5.dir/build.make CMakeFiles/cmTC_723a5.dir/build
make[1]: Entering directory '/home/mastercljohnson/MLG_KERNEL/eigen-3.3.7/build_dir/CMakeFiles/CMakeTmp'
Building CXX object CMakeFiles/cmTC_723a5.dir/src.cxx.o
/usr/bin/c++    -std=c++03 -DCOMPILER_SUPPORT_WERROR   -Werror -o CMakeFiles/cmTC_723a5.dir/src.cxx.o -c /home/mastercljohnson/MLG_KERNEL/eigen-3.3.7/build_dir/CMakeFiles/CMakeTmp/src.cxx
Linking CXX executable cmTC_723a5
/usr/bin/cmake -E cmake_link_script CMakeFiles/cmTC_723a5.dir/link.txt --verbose=1
/usr/bin/c++   -std=c++03 -DCOMPILER_SUPPORT_WERROR    -rdynamic CMakeFiles/cmTC_723a5.dir/src.cxx.o  -o cmTC_723a5 
make[1]: Leaving directory '/home/mastercljohnson/MLG_KERNEL/eigen-3.3.7/build_dir/CMakeFiles/CMakeTmp'

Source file was:
int main() { return 0; }
Performing C++ SOURCE FILE Test COMPILER_SUPPORT_pedantic succeeded with the following output:
Change Dir: /home/mastercljohnson/MLG_KERNEL/eigen-3.3.7/build_dir/CMakeFiles/CMakeTmp

Run Build Command:"/usr/bin/make" "cmTC_10fe5/fast"
/usr/bin/make -f CMakeFiles/cmTC_10fe5.dir/build.make CMakeFiles/cmTC_10fe5.dir/build
make[1]: Entering directory '/home/mastercljohnson/MLG_KERNEL/eigen-3.3.7/build_dir/CMakeFiles/CMakeTmp'
Building CXX object CMakeFiles/cmTC_10fe5.dir/src.cxx.o
/usr/bin/c++    -std=c++03 -DCOMPILER_SUPPORT_pedantic -Werror   -pedantic -o CMakeFiles/cmTC_10fe5.dir/src.cxx.o -c /home/mastercljohnson/MLG_KERNEL/eigen-3.3.7/build_dir/CMakeFiles/CMakeTmp/src.cxx
Linking CXX executable cmTC_10fe5
/usr/bin/cmake -E cmake_link_script CMakeFiles/cmTC_10fe5.dir/link.txt --verbose=1
/usr/bin/c++   -std=c++03 -DCOMPILER_SUPPORT_pedantic -Werror    -rdynamic CMakeFiles/cmTC_10fe5.dir/src.cxx.o  -o cmTC_10fe5 
make[1]: Leaving directory '/home/mastercljohnson/MLG_KERNEL/eigen-3.3.7/build_dir/CMakeFiles/CMakeTmp'

Source file was:
int main() { return 0; }
Performing C++ SOURCE FILE Test COMPILER_SUPPORT_Wall succeeded with the following output:
Change Dir: /home/mastercljohnson/MLG_KERNEL/eigen-3.3.7/build_dir/CMakeFiles/CMakeTmp

Run Build Command:"/usr/bin/make" "cmTC_ca422/fast"
/usr/bin/make -f CMakeFiles/cmTC_ca422.dir/build.make CMakeFiles/cmTC_ca422.dir/build
make[1]: Entering directory '/home/mastercljohnson/MLG_KERNEL/eigen-3.3.7/build_dir/CMakeFiles/CMakeTmp'
Building CXX object CMakeFiles/cmTC_ca422.dir/src.cxx.o
/usr/bin/c++    -std=c++03 -pedantic -DCOMPILER_SUPPORT_Wall -Werror   -Wall -o CMakeFiles/cmTC_ca422.dir/src.cxx.o -c /home/mastercljohnson/MLG_KERNEL/eigen-3.3.7/build_dir/CMakeFiles/CMakeTmp/src.cxx
Linking CXX executable cmTC_ca422
/usr/bin/cmake -E cmake_link_script CMakeFiles/cmTC_ca422.dir/link.txt --verbose=1
/usr/bin/c++   -std=c++03 -pedantic -DCOMPILER_SUPPORT_Wall -Werror    -rdynamic CMakeFiles/cmTC_ca422.dir/src.cxx.o  -o cmTC_ca422 
make[1]: Leaving directory '/home/mastercljohnson/MLG_KERNEL/eigen-3.3.7/build_dir/CMakeFiles/CMakeTmp'

Source file was:
int main() { return 0; }
Performing C++ SOURCE FILE Test COMPILER_SUPPORT_Wextra succeeded with the following output:
Change Dir: /home/mastercljohnson/MLG_KERNEL/eigen-3.3.7/build_dir/CMakeFiles/CMakeTmp

Run Build Command:"/usr/bin/make" "cmTC_b4fba/fast"
/usr/bin/make -f CMakeFiles/cmTC_b4fba.dir/build.make CMakeFiles/cmTC_b4fba.dir/build
make[1]: Entering directory '/home/mastercljohnson/MLG_KERNEL/eigen-3.3.7/build_dir/CMakeFiles/CMakeTmp'
Building CXX object CMakeFiles/cmTC_b4fba.dir/src.cxx.o
/usr/bin/c++    -std=c++03 -pedantic -Wall -DCOMPILER_SUPPORT_Wextra -Werror   -Wextra -o CMakeFiles/cmTC_b4fba.dir/src.cxx.o -c /home/mastercljohnson/MLG_KERNEL/eigen-3.3.7/build_dir/CMakeFiles/CMakeTmp/src.cxx
Linking CXX executable cmTC_b4fba
/usr/bin/cmake -E cmake_link_script CMakeFiles/cmTC_b4fba.dir/link.txt --verbose=1
/usr/bin/c++   -std=c++03 -pedantic -Wall -DCOMPILER_SUPPORT_Wextra -Werror    -rdynamic CMakeFiles/cmTC_b4fba.dir/src.cxx.o  -o cmTC_b4fba 
make[1]: Leaving directory '/home/mastercljohnson/MLG_KERNEL/eigen-3.3.7/build_dir/CMakeFiles/CMakeTmp'

Source file was:
int main() { return 0; }
Performing C++ SOURCE FILE Test COMPILER_SUPPORT_Wundef succeeded with the following output:
Change Dir: /home/mastercljohnson/MLG_KERNEL/eigen-3.3.7/build_dir/CMakeFiles/CMakeTmp

Run Build Command:"/usr/bin/make" "cmTC_ba7c9/fast"
/usr/bin/make -f CMakeFiles/cmTC_ba7c9.dir/build.make CMakeFiles/cmTC_ba7c9.dir/build
make[1]: Entering directory '/home/mastercljohnson/MLG_KERNEL/eigen-3.3.7/build_dir/CMakeFiles/CMakeTmp'
Building CXX object CMakeFiles/cmTC_ba7c9.dir/src.cxx.o
/usr/bin/c++    -std=c++03 -pedantic -Wall -Wextra -DCOMPILER_SUPPORT_Wundef -Werror   -Wundef -o CMakeFiles/cmTC_ba7c9.dir/src.cxx.o -c /home/mastercljohnson/MLG_KERNEL/eigen-3.3.7/build_dir/CMakeFiles/CMakeTmp/src.cxx
Linking CXX executable cmTC_ba7c9
/usr/bin/cmake -E cmake_link_script CMakeFiles/cmTC_ba7c9.dir/link.txt --verbose=1
/usr/bin/c++   -std=c++03 -pedantic -Wall -Wextra -DCOMPILER_SUPPORT_Wundef -Werror    -rdynamic CMakeFiles/cmTC_ba7c9.dir/src.cxx.o  -o cmTC_ba7c9 
make[1]: Leaving directory '/home/mastercljohnson/MLG_KERNEL/eigen-3.3.7/build_dir/CMakeFiles/CMakeTmp'

Source file was:
int main() { return 0; }
Performing C++ SOURCE FILE Test COMPILER_SUPPORT_Wcastalign succeeded with the following output:
Change Dir: /home/mastercljohnson/MLG_KERNEL/eigen-3.3.7/build_dir/CMakeFiles/CMakeTmp

Run Build Command:"/usr/bin/make" "cmTC_93718/fast"
/usr/bin/make -f CMakeFiles/cmTC_93718.dir/build.make CMakeFiles/cmTC_93718.dir/build
make[1]: Entering directory '/home/mastercljohnson/MLG_KERNEL/eigen-3.3.7/build_dir/CMakeFiles/CMakeTmp'
Building CXX object CMakeFiles/cmTC_93718.dir/src.cxx.o
/usr/bin/c++    -std=c++03 -pedantic -Wall -Wextra -Wundef -DCOMPILER_SUPPORT_Wcastalign -Werror   -Wcast-align -o CMakeFiles/cmTC_93718.dir/src.cxx.o -c /home/mastercljohnson/MLG_KERNEL/eigen-3.3.7/build_dir/CMakeFiles/CMakeTmp/src.cxx
Linking CXX executable cmTC_93718
/usr/bin/cmake -E cmake_link_script CMakeFiles/cmTC_93718.dir/link.txt --verbose=1
/usr/bin/c++   -std=c++03 -pedantic -Wall -Wextra -Wundef -DCOMPILER_SUPPORT_Wcastalign -Werror    -rdynamic CMakeFiles/cmTC_93718.dir/src.cxx.o  -o cmTC_93718 
make[1]: Leaving directory '/home/mastercljohnson/MLG_KERNEL/eigen-3.3.7/build_dir/CMakeFiles/CMakeTmp'

Source file was:
int main() { return 0; }
Performing C++ SOURCE FILE Test COMPILER_SUPPORT_Wcharsubscripts succeeded with the following output:
Change Dir: /home/mastercljohnson/MLG_KERNEL/eigen-3.3.7/build_dir/CMakeFiles/CMakeTmp

Run Build Command:"/usr/bin/make" "cmTC_996f0/fast"
/usr/bin/make -f CMakeFiles/cmTC_996f0.dir/build.make CMakeFiles/cmTC_996f0.dir/build
make[1]: Entering directory '/home/mastercljohnson/MLG_KERNEL/eigen-3.3.7/build_dir/CMakeFiles/CMakeTmp'
Building CXX object CMakeFiles/cmTC_996f0.dir/src.cxx.o
/usr/bin/c++    -std=c++03 -pedantic -Wall -Wextra -Wundef -Wcast-align -DCOMPILER_SUPPORT_Wcharsubscripts -Werror   -Wchar-subscripts -o CMakeFiles/cmTC_996f0.dir/src.cxx.o -c /home/mastercljohnson/MLG_KERNEL/eigen-3.3.7/build_dir/CMakeFiles/CMakeTmp/src.cxx
Linking CXX executable cmTC_996f0
/usr/bin/cmake -E cmake_link_script CMakeFiles/cmTC_996f0.dir/link.txt --verbose=1
/usr/bin/c++   -std=c++03 -pedantic -Wall -Wextra -Wundef -Wcast-align -DCOMPILER_SUPPORT_Wcharsubscripts -Werror    -rdynamic CMakeFiles/cmTC_996f0.dir/src.cxx.o  -o cmTC_996f0 
make[1]: Leaving directory '/home/mastercljohnson/MLG_KERNEL/eigen-3.3.7/build_dir/CMakeFiles/CMakeTmp'

Source file was:
int main() { return 0; }
Performing C++ SOURCE FILE Test COMPILER_SUPPORT_Wnonvirtualdtor succeeded with the following output:
Change Dir: /home/mastercljohnson/MLG_KERNEL/eigen-3.3.7/build_dir/CMakeFiles/CMakeTmp

Run Build Command:"/usr/bin/make" "cmTC_aa292/fast"
/usr/bin/make -f CMakeFiles/cmTC_aa292.dir/build.make CMakeFiles/cmTC_aa292.dir/build
make[1]: Entering directory '/home/mastercljohnson/MLG_KERNEL/eigen-3.3.7/build_dir/CMakeFiles/CMakeTmp'
Building CXX object CMakeFiles/cmTC_aa292.dir/src.cxx.o
/usr/bin/c++    -std=c++03 -pedantic -Wall -Wextra -Wundef -Wcast-align -Wchar-subscripts -DCOMPILER_SUPPORT_Wnonvirtualdtor -Werror   -Wnon-virtual-dtor -o CMakeFiles/cmTC_aa292.dir/src.cxx.o -c /home/mastercljohnson/MLG_KERNEL/eigen-3.3.7/build_dir/CMakeFiles/CMakeTmp/src.cxx
Linking CXX executable cmTC_aa292
/usr/bin/cmake -E cmake_link_script CMakeFiles/cmTC_aa292.dir/link.txt --verbose=1
/usr/bin/c++   -std=c++03 -pedantic -Wall -Wextra -Wundef -Wcast-align -Wchar-subscripts -DCOMPILER_SUPPORT_Wnonvirtualdtor -Werror    -rdynamic CMakeFiles/cmTC_aa292.dir/src.cxx.o  -o cmTC_aa292 
make[1]: Leaving directory '/home/mastercljohnson/MLG_KERNEL/eigen-3.3.7/build_dir/CMakeFiles/CMakeTmp'

Source file was:
int main() { return 0; }
Performing C++ SOURCE FILE Test COMPILER_SUPPORT_Wunusedlocaltypedefs succeeded with the following output:
Change Dir: /home/mastercljohnson/MLG_KERNEL/eigen-3.3.7/build_dir/CMakeFiles/CMakeTmp

Run Build Command:"/usr/bin/make" "cmTC_3c051/fast"
/usr/bin/make -f CMakeFiles/cmTC_3c051.dir/build.make CMakeFiles/cmTC_3c051.dir/build
make[1]: Entering directory '/home/mastercljohnson/MLG_KERNEL/eigen-3.3.7/build_dir/CMakeFiles/CMakeTmp'
Building CXX object CMakeFiles/cmTC_3c051.dir/src.cxx.o
/usr/bin/c++    -std=c++03 -pedantic -Wall -Wextra -Wundef -Wcast-align -Wchar-subscripts -Wnon-virtual-dtor -DCOMPILER_SUPPORT_Wunusedlocaltypedefs -Werror   -Wunused-local-typedefs -o CMakeFiles/cmTC_3c051.dir/src.cxx.o -c /home/mastercljohnson/MLG_KERNEL/eigen-3.3.7/build_dir/CMakeFiles/CMakeTmp/src.cxx
Linking CXX executable cmTC_3c051
/usr/bin/cmake -E cmake_link_script CMakeFiles/cmTC_3c051.dir/link.txt --verbose=1
/usr/bin/c++   -std=c++03 -pedantic -Wall -Wextra -Wundef -Wcast-align -Wchar-subscripts -Wnon-virtual-dtor -DCOMPILER_SUPPORT_Wunusedlocaltypedefs -Werror    -rdynamic CMakeFiles/cmTC_3c051.dir/src.cxx.o  -o cmTC_3c051 
make[1]: Leaving directory '/home/mastercljohnson/MLG_KERNEL/eigen-3.3.7/build_dir/CMakeFiles/CMakeTmp'

Source file was:
int main() { return 0; }
Performing C++ SOURCE FILE Test COMPILER_SUPPORT_Wpointerarith succeeded with the following output:
Change Dir: /home/mastercljohnson/MLG_KERNEL/eigen-3.3.7/build_dir/CMakeFiles/CMakeTmp

Run Build Command:"/usr/bin/make" "cmTC_e3783/fast"
/usr/bin/make -f CMakeFiles/cmTC_e3783.dir/build.make CMakeFiles/cmTC_e3783.dir/build
make[1]: Entering directory '/home/mastercljohnson/MLG_KERNEL/eigen-3.3.7/build_dir/CMakeFiles/CMakeTmp'
Building CXX object CMakeFiles/cmTC_e3783.dir/src.cxx.o
/usr/bin/c++    -std=c++03 -pedantic -Wall -Wextra -Wundef -Wcast-align -Wchar-subscripts -Wnon-virtual-dtor -Wunused-local-typedefs -DCOMPILER_SUPPORT_Wpointerarith -Werror   -Wpointer-arith -o CMakeFiles/cmTC_e3783.dir/src.cxx.o -c /home/mastercljohnson/MLG_KERNEL/eigen-3.3.7/build_dir/CMakeFiles/CMakeTmp/src.cxx
Linking CXX executable cmTC_e3783
/usr/bin/cmake -E cmake_link_script CMakeFiles/cmTC_e3783.dir/link.txt --verbose=1
/usr/bin/c++   -std=c++03 -pedantic -Wall -Wextra -Wundef -Wcast-align -Wchar-subscripts -Wnon-virtual-dtor -Wunused-local-typedefs -DCOMPILER_SUPPORT_Wpointerarith -Werror    -rdynamic CMakeFiles/cmTC_e3783.dir/src.cxx.o  -o cmTC_e3783 
make[1]: Leaving directory '/home/mastercljohnson/MLG_KERNEL/eigen-3.3.7/build_dir/CMakeFiles/CMakeTmp'

Source file was:
int main() { return 0; }
Performing C++ SOURCE FILE Test COMPILER_SUPPORT_Wwritestrings succeeded with the following output:
Change Dir: /home/mastercljohnson/MLG_KERNEL/eigen-3.3.7/build_dir/CMakeFiles/CMakeTmp

Run Build Command:"/usr/bin/make" "cmTC_33807/fast"
/usr/bin/make -f CMakeFiles/cmTC_33807.dir/build.make CMakeFiles/cmTC_33807.dir/build
make[1]: Entering directory '/home/mastercljohnson/MLG_KERNEL/eigen-3.3.7/build_dir/CMakeFiles/CMakeTmp'
Building CXX object CMakeFiles/cmTC_33807.dir/src.cxx.o
/usr/bin/c++    -std=c++03 -pedantic -Wall -Wextra -Wundef -Wcast-align -Wchar-subscripts -Wnon-virtual-dtor -Wunused-local-typedefs -Wpointer-arith -DCOMPILER_SUPPORT_Wwritestrings -Werror   -Wwrite-strings -o CMakeFiles/cmTC_33807.dir/src.cxx.o -c /home/mastercljohnson/MLG_KERNEL/eigen-3.3.7/build_dir/CMakeFiles/CMakeTmp/src.cxx
Linking CXX executable cmTC_33807
/usr/bin/cmake -E cmake_link_script CMakeFiles/cmTC_33807.dir/link.txt --verbose=1
/usr/bin/c++   -std=c++03 -pedantic -Wall -Wextra -Wundef -Wcast-align -Wchar-subscripts -Wnon-virtual-dtor -Wunused-local-typedefs -Wpointer-arith -DCOMPILER_SUPPORT_Wwritestrings -Werror    -rdynamic CMakeFiles/cmTC_33807.dir/src.cxx.o  -o cmTC_33807 
make[1]: Leaving directory '/home/mastercljohnson/MLG_KERNEL/eigen-3.3.7/build_dir/CMakeFiles/CMakeTmp'

Source file was:
int main() { return 0; }
Performing C++ SOURCE FILE Test COMPILER_SUPPORT_Wformatsecurity succeeded with the following output:
Change Dir: /home/mastercljohnson/MLG_KERNEL/eigen-3.3.7/build_dir/CMakeFiles/CMakeTmp

Run Build Command:"/usr/bin/make" "cmTC_a9b11/fast"
/usr/bin/make -f CMakeFiles/cmTC_a9b11.dir/build.make CMakeFiles/cmTC_a9b11.dir/build
make[1]: Entering directory '/home/mastercljohnson/MLG_KERNEL/eigen-3.3.7/build_dir/CMakeFiles/CMakeTmp'
Building CXX object CMakeFiles/cmTC_a9b11.dir/src.cxx.o
/usr/bin/c++    -std=c++03 -pedantic -Wall -Wextra -Wundef -Wcast-align -Wchar-subscripts -Wnon-virtual-dtor -Wunused-local-typedefs -Wpointer-arith -Wwrite-strings -DCOMPILER_SUPPORT_Wformatsecurity -Werror   -Wformat-security -o CMakeFiles/cmTC_a9b11.dir/src.cxx.o -c /home/mastercljohnson/MLG_KERNEL/eigen-3.3.7/build_dir/CMakeFiles/CMakeTmp/src.cxx
Linking CXX executable cmTC_a9b11
/usr/bin/cmake -E cmake_link_script CMakeFiles/cmTC_a9b11.dir/link.txt --verbose=1
/usr/bin/c++   -std=c++03 -pedantic -Wall -Wextra -Wundef -Wcast-align -Wchar-subscripts -Wnon-virtual-dtor -Wunused-local-typedefs -Wpointer-arith -Wwrite-strings -DCOMPILER_SUPPORT_Wformatsecurity -Werror    -rdynamic CMakeFiles/cmTC_a9b11.dir/src.cxx.o  -o cmTC_a9b11 
make[1]: Leaving directory '/home/mastercljohnson/MLG_KERNEL/eigen-3.3.7/build_dir/CMakeFiles/CMakeTmp'

Source file was:
int main() { return 0; }
Performing C++ SOURCE FILE Test COMPILER_SUPPORT_Wlogicalop succeeded with the following output:
Change Dir: /home/mastercljohnson/MLG_KERNEL/eigen-3.3.7/build_dir/CMakeFiles/CMakeTmp

Run Build Command:"/usr/bin/make" "cmTC_337f8/fast"
/usr/bin/make -f CMakeFiles/cmTC_337f8.dir/build.make CMakeFiles/cmTC_337f8.dir/build
make[1]: Entering directory '/home/mastercljohnson/MLG_KERNEL/eigen-3.3.7/build_dir/CMakeFiles/CMakeTmp'
Building CXX object CMakeFiles/cmTC_337f8.dir/src.cxx.o
/usr/bin/c++    -std=c++03 -pedantic -Wall -Wextra -Wundef -Wcast-align -Wchar-subscripts -Wnon-virtual-dtor -Wunused-local-typedefs -Wpointer-arith -Wwrite-strings -Wformat-security -DCOMPILER_SUPPORT_Wlogicalop -Werror   -Wlogical-op -o CMakeFiles/cmTC_337f8.dir/src.cxx.o -c /home/mastercljohnson/MLG_KERNEL/eigen-3.3.7/build_dir/CMakeFiles/CMakeTmp/src.cxx
Linking CXX executable cmTC_337f8
/usr/bin/cmake -E cmake_link_script CMakeFiles/cmTC_337f8.dir/link.txt --verbose=1
/usr/bin/c++   -std=c++03 -pedantic -Wall -Wextra -Wundef -Wcast-align -Wchar-subscripts -Wnon-virtual-dtor -Wunused-local-typedefs -Wpointer-arith -Wwrite-strings -Wformat-security -DCOMPILER_SUPPORT_Wlogicalop -Werror    -rdynamic CMakeFiles/cmTC_337f8.dir/src.cxx.o  -o cmTC_337f8 
make[1]: Leaving directory '/home/mastercljohnson/MLG_KERNEL/eigen-3.3.7/build_dir/CMakeFiles/CMakeTmp'

Source file was:
int main() { return 0; }
Performing C++ SOURCE FILE Test COMPILER_SUPPORT_Wdoublepromotion succeeded with the following output:
Change Dir: /home/mastercljohnson/MLG_KERNEL/eigen-3.3.7/build_dir/CMakeFiles/CMakeTmp

Run Build Command:"/usr/bin/make" "cmTC_cda35/fast"
/usr/bin/make -f CMakeFiles/cmTC_cda35.dir/build.make CMakeFiles/cmTC_cda35.dir/build
make[1]: Entering directory '/home/mastercljohnson/MLG_KERNEL/eigen-3.3.7/build_dir/CMakeFiles/CMakeTmp'
Building CXX object CMakeFiles/cmTC_cda35.dir/src.cxx.o
/usr/bin/c++    -std=c++03 -pedantic -Wall -Wextra -Wundef -Wcast-align -Wchar-subscripts -Wnon-virtual-dtor -Wunused-local-typedefs -Wpointer-arith -Wwrite-strings -Wformat-security -Wlogical-op -DCOMPILER_SUPPORT_Wdoublepromotion -Werror   -Wdouble-promotion -o CMakeFiles/cmTC_cda35.dir/src.cxx.o -c /home/mastercljohnson/MLG_KERNEL/eigen-3.3.7/build_dir/CMakeFiles/CMakeTmp/src.cxx
Linking CXX executable cmTC_cda35
/usr/bin/cmake -E cmake_link_script CMakeFiles/cmTC_cda35.dir/link.txt --verbose=1
/usr/bin/c++   -std=c++03 -pedantic -Wall -Wextra -Wundef -Wcast-align -Wchar-subscripts -Wnon-virtual-dtor -Wunused-local-typedefs -Wpointer-arith -Wwrite-strings -Wformat-security -Wlogical-op -DCOMPILER_SUPPORT_Wdoublepromotion -Werror    -rdynamic CMakeFiles/cmTC_cda35.dir/src.cxx.o  -o cmTC_cda35 
make[1]: Leaving directory '/home/mastercljohnson/MLG_KERNEL/eigen-3.3.7/build_dir/CMakeFiles/CMakeTmp'

Source file was:
int main() { return 0; }
Performing C++ SOURCE FILE Test COMPILER_SUPPORT_Wnopsabi succeeded with the following output:
Change Dir: /home/mastercljohnson/MLG_KERNEL/eigen-3.3.7/build_dir/CMakeFiles/CMakeTmp

Run Build Command:"/usr/bin/make" "cmTC_d669a/fast"
/usr/bin/make -f CMakeFiles/cmTC_d669a.dir/build.make CMakeFiles/cmTC_d669a.dir/build
make[1]: Entering directory '/home/mastercljohnson/MLG_KERNEL/eigen-3.3.7/build_dir/CMakeFiles/CMakeTmp'
Building CXX object CMakeFiles/cmTC_d669a.dir/src.cxx.o
/usr/bin/c++    -std=c++03 -pedantic -Wall -Wextra -Wundef -Wcast-align -Wchar-subscripts -Wnon-virtual-dtor -Wunused-local-typedefs -Wpointer-arith -Wwrite-strings -Wformat-security -Wlogical-op -Wdouble-promotion -DCOMPILER_SUPPORT_Wnopsabi -Werror   -Wno-psabi -o CMakeFiles/cmTC_d669a.dir/src.cxx.o -c /home/mastercljohnson/MLG_KERNEL/eigen-3.3.7/build_dir/CMakeFiles/CMakeTmp/src.cxx
Linking CXX executable cmTC_d669a
/usr/bin/cmake -E cmake_link_script CMakeFiles/cmTC_d669a.dir/link.txt --verbose=1
/usr/bin/c++   -std=c++03 -pedantic -Wall -Wextra -Wundef -Wcast-align -Wchar-subscripts -Wnon-virtual-dtor -Wunused-local-typedefs -Wpointer-arith -Wwrite-strings -Wformat-security -Wlogical-op -Wdouble-promotion -DCOMPILER_SUPPORT_Wnopsabi -Werror    -rdynamic CMakeFiles/cmTC_d669a.dir/src.cxx.o  -o cmTC_d669a 
make[1]: Leaving directory '/home/mastercljohnson/MLG_KERNEL/eigen-3.3.7/build_dir/CMakeFiles/CMakeTmp'

Source file was:
int main() { return 0; }
Performing C++ SOURCE FILE Test COMPILER_SUPPORT_Wnovariadicmacros succeeded with the following output:
Change Dir: /home/mastercljohnson/MLG_KERNEL/eigen-3.3.7/build_dir/CMakeFiles/CMakeTmp

Run Build Command:"/usr/bin/make" "cmTC_d60c7/fast"
/usr/bin/make -f CMakeFiles/cmTC_d60c7.dir/build.make CMakeFiles/cmTC_d60c7.dir/build
make[1]: Entering directory '/home/mastercljohnson/MLG_KERNEL/eigen-3.3.7/build_dir/CMakeFiles/CMakeTmp'
Building CXX object CMakeFiles/cmTC_d60c7.dir/src.cxx.o
/usr/bin/c++    -std=c++03 -pedantic -Wall -Wextra -Wundef -Wcast-align -Wchar-subscripts -Wnon-virtual-dtor -Wunused-local-typedefs -Wpointer-arith -Wwrite-strings -Wformat-security -Wlogical-op -Wdouble-promotion -Wno-psabi -DCOMPILER_SUPPORT_Wnovariadicmacros -Werror   -Wno-variadic-macros -o CMakeFiles/cmTC_d60c7.dir/src.cxx.o -c /home/mastercljohnson/MLG_KERNEL/eigen-3.3.7/build_dir/CMakeFiles/CMakeTmp/src.cxx
Linking CXX executable cmTC_d60c7
/usr/bin/cmake -E cmake_link_script CMakeFiles/cmTC_d60c7.dir/link.txt --verbose=1
/usr/bin/c++   -std=c++03 -pedantic -Wall -Wextra -Wundef -Wcast-align -Wchar-subscripts -Wnon-virtual-dtor -Wunused-local-typedefs -Wpointer-arith -Wwrite-strings -Wformat-security -Wlogical-op -Wdouble-promotion -Wno-psabi -DCOMPILER_SUPPORT_Wnovariadicmacros -Werror    -rdynamic CMakeFiles/cmTC_d60c7.dir/src.cxx.o  -o cmTC_d60c7 
make[1]: Leaving directory '/home/mastercljohnson/MLG_KERNEL/eigen-3.3.7/build_dir/CMakeFiles/CMakeTmp'

Source file was:
int main() { return 0; }
Performing C++ SOURCE FILE Test COMPILER_SUPPORT_Wnolonglong succeeded with the following output:
Change Dir: /home/mastercljohnson/MLG_KERNEL/eigen-3.3.7/build_dir/CMakeFiles/CMakeTmp

Run Build Command:"/usr/bin/make" "cmTC_802f1/fast"
/usr/bin/make -f CMakeFiles/cmTC_802f1.dir/build.make CMakeFiles/cmTC_802f1.dir/build
make[1]: Entering directory '/home/mastercljohnson/MLG_KERNEL/eigen-3.3.7/build_dir/CMakeFiles/CMakeTmp'
Building CXX object CMakeFiles/cmTC_802f1.dir/src.cxx.o
/usr/bin/c++    -std=c++03 -pedantic -Wall -Wextra -Wundef -Wcast-align -Wchar-subscripts -Wnon-virtual-dtor -Wunused-local-typedefs -Wpointer-arith -Wwrite-strings -Wformat-security -Wlogical-op -Wdouble-promotion -Wno-psabi -Wno-variadic-macros -DCOMPILER_SUPPORT_Wnolonglong -Werror   -Wno-long-long -o CMakeFiles/cmTC_802f1.dir/src.cxx.o -c /home/mastercljohnson/MLG_KERNEL/eigen-3.3.7/build_dir/CMakeFiles/CMakeTmp/src.cxx
Linking CXX executable cmTC_802f1
/usr/bin/cmake -E cmake_link_script CMakeFiles/cmTC_802f1.dir/link.txt --verbose=1
/usr/bin/c++   -std=c++03 -pedantic -Wall -Wextra -Wundef -Wcast-align -Wchar-subscripts -Wnon-virtual-dtor -Wunused-local-typedefs -Wpointer-arith -Wwrite-strings -Wformat-security -Wlogical-op -Wdouble-promotion -Wno-psabi -Wno-variadic-macros -DCOMPILER_SUPPORT_Wnolonglong -Werror    -rdynamic CMakeFiles/cmTC_802f1.dir/src.cxx.o  -o cmTC_802f1 
make[1]: Leaving directory '/home/mastercljohnson/MLG_KERNEL/eigen-3.3.7/build_dir/CMakeFiles/CMakeTmp'

Source file was:
int main() { return 0; }
Performing C++ SOURCE FILE Test COMPILER_SUPPORT_fnochecknew succeeded with the following output:
Change Dir: /home/mastercljohnson/MLG_KERNEL/eigen-3.3.7/build_dir/CMakeFiles/CMakeTmp

Run Build Command:"/usr/bin/make" "cmTC_a1487/fast"
/usr/bin/make -f CMakeFiles/cmTC_a1487.dir/build.make CMakeFiles/cmTC_a1487.dir/build
make[1]: Entering directory '/home/mastercljohnson/MLG_KERNEL/eigen-3.3.7/build_dir/CMakeFiles/CMakeTmp'
Building CXX object CMakeFiles/cmTC_a1487.dir/src.cxx.o
/usr/bin/c++    -std=c++03 -pedantic -Wall -Wextra -Wundef -Wcast-align -Wchar-subscripts -Wnon-virtual-dtor -Wunused-local-typedefs -Wpointer-arith -Wwrite-strings -Wformat-security -Wlogical-op -Wdouble-promotion -Wno-psabi -Wno-variadic-macros -Wno-long-long -DCOMPILER_SUPPORT_fnochecknew -Werror   -fno-check-new -o CMakeFiles/cmTC_a1487.dir/src.cxx.o -c /home/mastercljohnson/MLG_KERNEL/eigen-3.3.7/build_dir/CMakeFiles/CMakeTmp/src.cxx
Linking CXX executable cmTC_a1487
/usr/bin/cmake -E cmake_link_script CMakeFiles/cmTC_a1487.dir/link.txt --verbose=1
/usr/bin/c++   -std=c++03 -pedantic -Wall -Wextra -Wundef -Wcast-align -Wchar-subscripts -Wnon-virtual-dtor -Wunused-local-typedefs -Wpointer-arith -Wwrite-strings -Wformat-security -Wlogical-op -Wdouble-promotion -Wno-psabi -Wno-variadic-macros -Wno-long-long -DCOMPILER_SUPPORT_fnochecknew -Werror    -rdynamic CMakeFiles/cmTC_a1487.dir/src.cxx.o  -o cmTC_a1487 
make[1]: Leaving directory '/home/mastercljohnson/MLG_KERNEL/eigen-3.3.7/build_dir/CMakeFiles/CMakeTmp'

Source file was:
int main() { return 0; }
Performing C++ SOURCE FILE Test COMPILER_SUPPORT_fnocommon succeeded with the following output:
Change Dir: /home/mastercljohnson/MLG_KERNEL/eigen-3.3.7/build_dir/CMakeFiles/CMakeTmp

Run Build Command:"/usr/bin/make" "cmTC_37323/fast"
/usr/bin/make -f CMakeFiles/cmTC_37323.dir/build.make CMakeFiles/cmTC_37323.dir/build
make[1]: Entering directory '/home/mastercljohnson/MLG_KERNEL/eigen-3.3.7/build_dir/CMakeFiles/CMakeTmp'
Building CXX object CMakeFiles/cmTC_37323.dir/src.cxx.o
/usr/bin/c++    -std=c++03 -pedantic -Wall -Wextra -Wundef -Wcast-align -Wchar-subscripts -Wnon-virtual-dtor -Wunused-local-typedefs -Wpointer-arith -Wwrite-strings -Wformat-security -Wlogical-op -Wdouble-promotion -Wno-psabi -Wno-variadic-macros -Wno-long-long -fno-check-new -DCOMPILER_SUPPORT_fnocommon -Werror   -fno-common -o CMakeFiles/cmTC_37323.dir/src.cxx.o -c /home/mastercljohnson/MLG_KERNEL/eigen-3.3.7/build_dir/CMakeFiles/CMakeTmp/src.cxx
Linking CXX executable cmTC_37323
/usr/bin/cmake -E cmake_link_script CMakeFiles/cmTC_37323.dir/link.txt --verbose=1
/usr/bin/c++   -std=c++03 -pedantic -Wall -Wextra -Wundef -Wcast-align -Wchar-subscripts -Wnon-virtual-dtor -Wunused-local-typedefs -Wpointer-arith -Wwrite-strings -Wformat-security -Wlogical-op -Wdouble-promotion -Wno-psabi -Wno-variadic-macros -Wno-long-long -fno-check-new -DCOMPILER_SUPPORT_fnocommon -Werror    -rdynamic CMakeFiles/cmTC_37323.dir/src.cxx.o  -o cmTC_37323 
make[1]: Leaving directory '/home/mastercljohnson/MLG_KERNEL/eigen-3.3.7/build_dir/CMakeFiles/CMakeTmp'

Source file was:
int main() { return 0; }
Performing C++ SOURCE FILE Test COMPILER_SUPPORT_fstrictaliasing succeeded with the following output:
Change Dir: /home/mastercljohnson/MLG_KERNEL/eigen-3.3.7/build_dir/CMakeFiles/CMakeTmp

Run Build Command:"/usr/bin/make" "cmTC_181e5/fast"
/usr/bin/make -f CMakeFiles/cmTC_181e5.dir/build.make CMakeFiles/cmTC_181e5.dir/build
make[1]: Entering directory '/home/mastercljohnson/MLG_KERNEL/eigen-3.3.7/build_dir/CMakeFiles/CMakeTmp'
Building CXX object CMakeFiles/cmTC_181e5.dir/src.cxx.o
/usr/bin/c++    -std=c++03 -pedantic -Wall -Wextra -Wundef -Wcast-align -Wchar-subscripts -Wnon-virtual-dtor -Wunused-local-typedefs -Wpointer-arith -Wwrite-strings -Wformat-security -Wlogical-op -Wdouble-promotion -Wno-psabi -Wno-variadic-macros -Wno-long-long -fno-check-new -fno-common -DCOMPILER_SUPPORT_fstrictaliasing -Werror   -fstrict-aliasing -o CMakeFiles/cmTC_181e5.dir/src.cxx.o -c /home/mastercljohnson/MLG_KERNEL/eigen-3.3.7/build_dir/CMakeFiles/CMakeTmp/src.cxx
Linking CXX executable cmTC_181e5
/usr/bin/cmake -E cmake_link_script CMakeFiles/cmTC_181e5.dir/link.txt --verbose=1
/usr/bin/c++   -std=c++03 -pedantic -Wall -Wextra -Wundef -Wcast-align -Wchar-subscripts -Wnon-virtual-dtor -Wunused-local-typedefs -Wpointer-arith -Wwrite-strings -Wformat-security -Wlogical-op -Wdouble-promotion -Wno-psabi -Wno-variadic-macros -Wno-long-long -fno-check-new -fno-common -DCOMPILER_SUPPORT_fstrictaliasing -Werror    -rdynamic CMakeFiles/cmTC_181e5.dir/src.cxx.o  -o cmTC_181e5 
make[1]: Leaving directory '/home/mastercljohnson/MLG_KERNEL/eigen-3.3.7/build_dir/CMakeFiles/CMakeTmp'

Source file was:
int main() { return 0; }
Performing C++ SOURCE FILE Test COMPILER_SUPPORT_ansi succeeded with the following output:
Change Dir: /home/mastercljohnson/MLG_KERNEL/eigen-3.3.7/build_dir/CMakeFiles/CMakeTmp

Run Build Command:"/usr/bin/make" "cmTC_60a58/fast"
/usr/bin/make -f CMakeFiles/cmTC_60a58.dir/build.make CMakeFiles/cmTC_60a58.dir/build
make[1]: Entering directory '/home/mastercljohnson/MLG_KERNEL/eigen-3.3.7/build_dir/CMakeFiles/CMakeTmp'
Building CXX object CMakeFiles/cmTC_60a58.dir/src.cxx.o
/usr/bin/c++    -std=c++03 -pedantic -Wall -Wextra -Wundef -Wcast-align -Wchar-subscripts -Wnon-virtual-dtor -Wunused-local-typedefs -Wpointer-arith -Wwrite-strings -Wformat-security -Wlogical-op -Wdouble-promotion -Wno-psabi -Wno-variadic-macros -Wno-long-long -fno-check-new -fno-common -fstrict-aliasing -DCOMPILER_SUPPORT_ansi -Werror   -ansi -o CMakeFiles/cmTC_60a58.dir/src.cxx.o -c /home/mastercljohnson/MLG_KERNEL/eigen-3.3.7/build_dir/CMakeFiles/CMakeTmp/src.cxx
Linking CXX executable cmTC_60a58
/usr/bin/cmake -E cmake_link_script CMakeFiles/cmTC_60a58.dir/link.txt --verbose=1
/usr/bin/c++   -std=c++03 -pedantic -Wall -Wextra -Wundef -Wcast-align -Wchar-subscripts -Wnon-virtual-dtor -Wunused-local-typedefs -Wpointer-arith -Wwrite-strings -Wformat-security -Wlogical-op -Wdouble-promotion -Wno-psabi -Wno-variadic-macros -Wno-long-long -fno-check-new -fno-common -fstrict-aliasing -DCOMPILER_SUPPORT_ansi -Werror    -rdynamic CMakeFiles/cmTC_60a58.dir/src.cxx.o  -o cmTC_60a58 
make[1]: Leaving directory '/home/mastercljohnson/MLG_KERNEL/eigen-3.3.7/build_dir/CMakeFiles/CMakeTmp'

Source file was:
int main() { return 0; }
Performing C++ SOURCE FILE Test COMPILER_SUPPORT_OPENMP succeeded with the following output:
Change Dir: /home/mastercljohnson/MLG_KERNEL/eigen-3.3.7/build_dir/CMakeFiles/CMakeTmp

Run Build Command:"/usr/bin/make" "cmTC_6670c/fast"
/usr/bin/make -f CMakeFiles/cmTC_6670c.dir/build.make CMakeFiles/cmTC_6670c.dir/build
make[1]: Entering directory '/home/mastercljohnson/MLG_KERNEL/eigen-3.3.7/build_dir/CMakeFiles/CMakeTmp'
Building CXX object CMakeFiles/cmTC_6670c.dir/src.cxx.o
/usr/bin/c++    -std=c++03 -pedantic -Wall -Wextra -Wundef -Wcast-align -Wchar-subscripts -Wnon-virtual-dtor -Wunused-local-typedefs -Wpointer-arith -Wwrite-strings -Wformat-security -Wlogical-op -Wdouble-promotion -Wno-psabi -Wno-variadic-macros -Wno-long-long -fno-check-new -fno-common -fstrict-aliasing -ansi -DCOMPILER_SUPPORT_OPENMP   -fopenmp -o CMakeFiles/cmTC_6670c.dir/src.cxx.o -c /home/mastercljohnson/MLG_KERNEL/eigen-3.3.7/build_dir/CMakeFiles/CMakeTmp/src.cxx
Linking CXX executable cmTC_6670c
/usr/bin/cmake -E cmake_link_script CMakeFiles/cmTC_6670c.dir/link.txt --verbose=1
/usr/bin/c++   -std=c++03 -pedantic -Wall -Wextra -Wundef -Wcast-align -Wchar-subscripts -Wnon-virtual-dtor -Wunused-local-typedefs -Wpointer-arith -Wwrite-strings -Wformat-security -Wlogical-op -Wdouble-promotion -Wno-psabi -Wno-variadic-macros -Wno-long-long -fno-check-new -fno-common -fstrict-aliasing -ansi -DCOMPILER_SUPPORT_OPENMP    -rdynamic CMakeFiles/cmTC_6670c.dir/src.cxx.o  -o cmTC_6670c 
make[1]: Leaving directory '/home/mastercljohnson/MLG_KERNEL/eigen-3.3.7/build_dir/CMakeFiles/CMakeTmp'

Source file was:
int main() { return 0; }
Determining if the include file pthread.h exists passed with the following output:
Change Dir: /home/mastercljohnson/MLG_KERNEL/eigen-3.3.7/build_dir/CMakeFiles/CMakeTmp

Run Build Command:"/usr/bin/make" "cmTC_f1630/fast"
/usr/bin/make -f CMakeFiles/cmTC_f1630.dir/build.make CMakeFiles/cmTC_f1630.dir/build
make[1]: Entering directory '/home/mastercljohnson/MLG_KERNEL/eigen-3.3.7/build_dir/CMakeFiles/CMakeTmp'
Building C object CMakeFiles/cmTC_f1630.dir/CheckIncludeFile.c.o
/usr/bin/cc    -o CMakeFiles/cmTC_f1630.dir/CheckIncludeFile.c.o   -c /home/mastercljohnson/MLG_KERNEL/eigen-3.3.7/build_dir/CMakeFiles/CMakeTmp/CheckIncludeFile.c
Linking C executable cmTC_f1630
/usr/bin/cmake -E cmake_link_script CMakeFiles/cmTC_f1630.dir/link.txt --verbose=1
/usr/bin/cc      -rdynamic CMakeFiles/cmTC_f1630.dir/CheckIncludeFile.c.o  -o cmTC_f1630 
make[1]: Leaving directory '/home/mastercljohnson/MLG_KERNEL/eigen-3.3.7/build_dir/CMakeFiles/CMakeTmp'


Determining if the function pthread_create exists in the pthread passed with the following output:
Change Dir: /home/mastercljohnson/MLG_KERNEL/eigen-3.3.7/build_dir/CMakeFiles/CMakeTmp

Run Build Command:"/usr/bin/make" "cmTC_db14a/fast"
/usr/bin/make -f CMakeFiles/cmTC_db14a.dir/build.make CMakeFiles/cmTC_db14a.dir/build
make[1]: Entering directory '/home/mastercljohnson/MLG_KERNEL/eigen-3.3.7/build_dir/CMakeFiles/CMakeTmp'
Building C object CMakeFiles/cmTC_db14a.dir/CheckFunctionExists.c.o
/usr/bin/cc   -DCHECK_FUNCTION_EXISTS=pthread_create   -o CMakeFiles/cmTC_db14a.dir/CheckFunctionExists.c.o   -c /usr/share/cmake-3.10/Modules/CheckFunctionExists.c
Linking C executable cmTC_db14a
/usr/bin/cmake -E cmake_link_script CMakeFiles/cmTC_db14a.dir/link.txt --verbose=1
/usr/bin/cc  -DCHECK_FUNCTION_EXISTS=pthread_create    -rdynamic CMakeFiles/cmTC_db14a.dir/CheckFunctionExists.c.o  -o cmTC_db14a -lpthread 
make[1]: Leaving directory '/home/mastercljohnson/MLG_KERNEL/eigen-3.3.7/build_dir/CMakeFiles/CMakeTmp'


Performing C++ SOURCE FILE Test COMPILER_SUPPORT_FASTMATH succeeded with the following output:
Change Dir: /home/mastercljohnson/MLG_KERNEL/eigen-3.3.7/build_dir/CMakeFiles/CMakeTmp

Run Build Command:"/usr/bin/make" "cmTC_0b522/fast"
/usr/bin/make -f CMakeFiles/cmTC_0b522.dir/build.make CMakeFiles/cmTC_0b522.dir/build
make[1]: Entering directory '/home/mastercljohnson/MLG_KERNEL/eigen-3.3.7/build_dir/CMakeFiles/CMakeTmp'
Building CXX object CMakeFiles/cmTC_0b522.dir/src.cxx.o
/usr/bin/c++    -std=c++03 -pedantic -Wall -Wextra -Wundef -Wcast-align -Wchar-subscripts -Wnon-virtual-dtor -Wunused-local-typedefs -Wpointer-arith -Wwrite-strings -Wformat-security -Wlogical-op -Wdouble-promotion -Wno-psabi -Wno-variadic-macros -Wno-long-long -fno-check-new -fno-common -fstrict-aliasing -ansi -DCOMPILER_SUPPORT_FASTMATH   -ffast-math -o CMakeFiles/cmTC_0b522.dir/src.cxx.o -c /home/mastercljohnson/MLG_KERNEL/eigen-3.3.7/build_dir/CMakeFiles/CMakeTmp/src.cxx
Linking CXX executable cmTC_0b522
/usr/bin/cmake -E cmake_link_script CMakeFiles/cmTC_0b522.dir/link.txt --verbose=1
/usr/bin/c++   -std=c++03 -pedantic -Wall -Wextra -Wundef -Wcast-align -Wchar-subscripts -Wnon-virtual-dtor -Wunused-local-typedefs -Wpointer-arith -Wwrite-strings -Wformat-security -Wlogical-op -Wdouble-promotion -Wno-psabi -Wno-variadic-macros -Wno-long-long -fno-check-new -fno-common -fstrict-aliasing -ansi -DCOMPILER_SUPPORT_FASTMATH    -rdynamic CMakeFiles/cmTC_0b522.dir/src.cxx.o  -o cmTC_0b522 
make[1]: Leaving directory '/home/mastercljohnson/MLG_KERNEL/eigen-3.3.7/build_dir/CMakeFiles/CMakeTmp'

Source file was:
int main() { return 0; }
